2021-11-04 22:44:20,711 INFO org.springframework.boot.StartupInfoLogger [main] Starting OnlineExaminationSystemApplication using Java 1.8.0_292 on thinkpad with PID 1003422 (/mnt/storage/Project/online-examination-system/target/classes started by luongtx in /mnt/storage/Project/online-examination-system)
2021-11-04 22:44:20,716 DEBUG org.springframework.boot.StartupInfoLogger [main] Running with Spring Boot v2.5.5, Spring v5.3.10
2021-11-04 22:44:20,717 INFO org.springframework.boot.SpringApplication [main] No active profile set, falling back to default profiles: default
2021-11-04 22:47:00,156 INFO org.springframework.boot.StartupInfoLogger [main] Starting OnlineExaminationSystemApplication using Java 1.8.0_292 on thinkpad with PID 1005379 (/mnt/storage/Project/online-examination-system/target/classes started by luongtx in /mnt/storage/Project/online-examination-system)
2021-11-04 22:47:00,158 DEBUG org.springframework.boot.StartupInfoLogger [main] Running with Spring Boot v2.5.5, Spring v5.3.10
2021-11-04 22:47:00,160 INFO org.springframework.boot.SpringApplication [main] No active profile set, falling back to default profiles: default
2021-11-04 22:47:05,161 DEBUG org.springframework.web.filter.GenericFilterBean [main] Filter 'jwtRequestFilter' configured for use
2021-11-04 22:47:06,563 INFO org.springframework.boot.StartupInfoLogger [main] Started OnlineExaminationSystemApplication in 6.94 seconds (JVM running for 7.378)
2021-11-04 22:48:37,523 ERROR com.luongtx.oes.security.filter.JwtRequestFilter [http-nio-8080-exec-2] JWT Token does not begin with Bearer String
2021-11-04 22:48:37,998 INFO com.luongtx.oes.service.impl.AuthenticationServiceImpl [http-nio-8080-exec-2] [ROLE_ADMIN]
2021-11-04 22:48:38,146 INFO com.luongtx.oes.security.filter.JwtRequestFilter [http-nio-8080-exec-4] admin
2021-11-04 22:48:38,146 INFO com.luongtx.oes.security.filter.JwtRequestFilter [http-nio-8080-exec-4] Validate the token
2021-11-04 22:48:38,311 INFO com.luongtx.oes.service.impl.ProfileServiceImpl [http-nio-8080-exec-4] Profile(id=3, fullName=Admin, gender=female, email=admin@gmail.com, phoneNo=123456, birthDay=2020-10-19, imageSrc=/mnt/storage/uploads/avatar_2x.png, user=com.luongtx.oes.entity.User@5f5e7fa9)
2021-11-04 22:49:44,398 INFO com.luongtx.oes.security.filter.JwtRequestFilter [http-nio-8080-exec-10] admin
2021-11-04 22:49:44,399 INFO com.luongtx.oes.security.filter.JwtRequestFilter [http-nio-8080-exec-10] Validate the token
2021-11-04 22:49:44,446 INFO com.luongtx.oes.service.impl.CatalogueServiceImpl [http-nio-8080-exec-10] 0
2021-11-04 22:49:44,449 INFO com.luongtx.oes.service.impl.CatalogueServiceImpl [http-nio-8080-exec-10] 2
2021-11-04 22:49:44,455 INFO com.luongtx.oes.service.impl.CatalogueServiceImpl [http-nio-8080-exec-10] 0
2021-11-04 22:49:44,461 INFO com.luongtx.oes.service.impl.CatalogueServiceImpl [http-nio-8080-exec-10] 0
2021-11-04 22:49:44,465 INFO com.luongtx.oes.service.impl.CatalogueServiceImpl [http-nio-8080-exec-10] 4
2021-11-04 22:49:57,953 INFO com.luongtx.oes.security.filter.JwtRequestFilter [http-nio-8080-exec-2] admin
2021-11-04 22:49:57,953 INFO com.luongtx.oes.security.filter.JwtRequestFilter [http-nio-8080-exec-2] Validate the token
2021-11-04 22:49:57,970 INFO com.luongtx.oes.service.impl.CatalogueServiceImpl [http-nio-8080-exec-2] 0
2021-11-04 22:49:57,973 INFO com.luongtx.oes.service.impl.CatalogueServiceImpl [http-nio-8080-exec-2] 0
2021-11-04 22:49:57,976 INFO com.luongtx.oes.service.impl.CatalogueServiceImpl [http-nio-8080-exec-2] 2
2021-11-04 22:50:00,814 INFO com.luongtx.oes.security.filter.JwtRequestFilter [http-nio-8080-exec-3] admin
2021-11-04 22:50:00,815 INFO com.luongtx.oes.security.filter.JwtRequestFilter [http-nio-8080-exec-3] Validate the token
2021-11-04 22:50:00,851 INFO com.luongtx.oes.service.impl.CatalogueServiceImpl [http-nio-8080-exec-3] 0
2021-11-04 22:50:00,857 INFO com.luongtx.oes.service.impl.CatalogueServiceImpl [http-nio-8080-exec-3] 2
2021-11-04 22:50:00,862 INFO com.luongtx.oes.service.impl.CatalogueServiceImpl [http-nio-8080-exec-3] 0
2021-11-04 22:50:00,867 INFO com.luongtx.oes.service.impl.CatalogueServiceImpl [http-nio-8080-exec-3] 0
2021-11-04 22:50:00,872 INFO com.luongtx.oes.service.impl.CatalogueServiceImpl [http-nio-8080-exec-3] 4
2021-11-04 22:50:17,102 INFO com.luongtx.oes.security.filter.JwtRequestFilter [http-nio-8080-exec-4] admin
2021-11-04 22:50:17,103 INFO com.luongtx.oes.security.filter.JwtRequestFilter [http-nio-8080-exec-4] Validate the token
2021-11-04 22:50:17,148 INFO com.luongtx.oes.service.impl.CatalogueServiceImpl [http-nio-8080-exec-4] 0
2021-11-04 22:50:17,151 INFO com.luongtx.oes.service.impl.CatalogueServiceImpl [http-nio-8080-exec-4] 2
2021-11-04 22:50:17,153 INFO com.luongtx.oes.service.impl.CatalogueServiceImpl [http-nio-8080-exec-4] 0
2021-11-04 22:50:17,156 INFO com.luongtx.oes.service.impl.CatalogueServiceImpl [http-nio-8080-exec-4] 0
2021-11-04 22:50:17,159 INFO com.luongtx.oes.service.impl.CatalogueServiceImpl [http-nio-8080-exec-4] 4
2021-11-04 22:50:17,162 INFO com.luongtx.oes.service.impl.CatalogueServiceImpl [http-nio-8080-exec-4] 0
2021-11-04 22:50:17,164 INFO com.luongtx.oes.service.impl.CatalogueServiceImpl [http-nio-8080-exec-4] 0
2021-11-04 22:50:17,167 INFO com.luongtx.oes.service.impl.CatalogueServiceImpl [http-nio-8080-exec-4] 2
2021-11-04 22:50:22,445 INFO com.luongtx.oes.security.filter.JwtRequestFilter [http-nio-8080-exec-6] admin
2021-11-04 22:50:22,446 INFO com.luongtx.oes.security.filter.JwtRequestFilter [http-nio-8080-exec-6] Validate the token
2021-11-04 22:50:22,474 INFO com.luongtx.oes.service.impl.CatalogueServiceImpl [http-nio-8080-exec-6] 0
2021-11-04 22:50:22,476 INFO com.luongtx.oes.service.impl.CatalogueServiceImpl [http-nio-8080-exec-6] 0
2021-11-04 22:50:22,479 INFO com.luongtx.oes.service.impl.CatalogueServiceImpl [http-nio-8080-exec-6] 2
2021-11-04 22:50:48,037 INFO com.luongtx.oes.security.filter.JwtRequestFilter [http-nio-8080-exec-7] admin
2021-11-04 22:50:48,038 INFO com.luongtx.oes.security.filter.JwtRequestFilter [http-nio-8080-exec-7] Validate the token
2021-11-04 22:50:48,059 INFO com.luongtx.oes.service.impl.CatalogueServiceImpl [http-nio-8080-exec-7] 0
2021-11-04 22:50:48,061 INFO com.luongtx.oes.service.impl.CatalogueServiceImpl [http-nio-8080-exec-7] 2
2021-11-04 22:50:48,065 INFO com.luongtx.oes.service.impl.CatalogueServiceImpl [http-nio-8080-exec-7] 0
2021-11-04 22:50:48,068 INFO com.luongtx.oes.service.impl.CatalogueServiceImpl [http-nio-8080-exec-7] 0
2021-11-04 22:50:48,072 INFO com.luongtx.oes.service.impl.CatalogueServiceImpl [http-nio-8080-exec-7] 4
2021-11-04 22:50:48,077 INFO com.luongtx.oes.service.impl.CatalogueServiceImpl [http-nio-8080-exec-7] 0
2021-11-04 22:50:48,080 INFO com.luongtx.oes.service.impl.CatalogueServiceImpl [http-nio-8080-exec-7] 0
2021-11-04 22:50:48,084 INFO com.luongtx.oes.service.impl.CatalogueServiceImpl [http-nio-8080-exec-7] 2
2021-11-04 22:50:49,709 INFO com.luongtx.oes.security.filter.JwtRequestFilter [http-nio-8080-exec-9] admin
2021-11-04 22:50:49,710 INFO com.luongtx.oes.security.filter.JwtRequestFilter [http-nio-8080-exec-9] Validate the token
2021-11-04 22:51:47,885 INFO com.luongtx.oes.security.filter.JwtRequestFilter [http-nio-8080-exec-1] admin
2021-11-04 22:51:47,886 INFO com.luongtx.oes.security.filter.JwtRequestFilter [http-nio-8080-exec-1] Validate the token
2021-11-04 22:51:49,425 INFO com.luongtx.oes.security.filter.JwtRequestFilter [http-nio-8080-exec-3] admin
2021-11-04 22:51:49,425 INFO com.luongtx.oes.security.filter.JwtRequestFilter [http-nio-8080-exec-2] admin
2021-11-04 22:51:49,426 INFO com.luongtx.oes.security.filter.JwtRequestFilter [http-nio-8080-exec-2] Validate the token
2021-11-04 22:51:49,426 INFO com.luongtx.oes.security.filter.JwtRequestFilter [http-nio-8080-exec-3] Validate the token
2021-11-04 22:51:49,443 INFO com.luongtx.oes.service.impl.CatalogueServiceImpl [http-nio-8080-exec-2] 0
2021-11-04 22:51:49,446 INFO com.luongtx.oes.service.impl.CatalogueServiceImpl [http-nio-8080-exec-2] 0
2021-11-04 22:52:26,367 INFO com.luongtx.oes.security.filter.JwtRequestFilter [http-nio-8080-exec-5] admin
2021-11-04 22:52:26,368 INFO com.luongtx.oes.security.filter.JwtRequestFilter [http-nio-8080-exec-5] Validate the token
2021-11-04 22:52:26,388 INFO com.luongtx.oes.service.impl.CatalogueServiceImpl [http-nio-8080-exec-5] 0
2021-11-04 22:52:26,392 INFO com.luongtx.oes.service.impl.CatalogueServiceImpl [http-nio-8080-exec-5] 2
2021-11-04 22:52:26,396 INFO com.luongtx.oes.service.impl.CatalogueServiceImpl [http-nio-8080-exec-5] 0
2021-11-04 22:52:26,399 INFO com.luongtx.oes.service.impl.CatalogueServiceImpl [http-nio-8080-exec-5] 0
2021-11-04 22:52:26,402 INFO com.luongtx.oes.service.impl.CatalogueServiceImpl [http-nio-8080-exec-5] 2
2021-11-04 22:52:31,975 INFO com.luongtx.oes.security.filter.JwtRequestFilter [http-nio-8080-exec-4] admin
2021-11-04 22:52:31,975 INFO com.luongtx.oes.security.filter.JwtRequestFilter [http-nio-8080-exec-4] Validate the token
2021-11-04 22:52:31,994 INFO com.luongtx.oes.service.impl.CatalogueServiceImpl [http-nio-8080-exec-4] 0
2021-11-04 22:52:31,997 INFO com.luongtx.oes.service.impl.CatalogueServiceImpl [http-nio-8080-exec-4] 0
2021-11-04 22:52:33,271 INFO com.luongtx.oes.security.filter.JwtRequestFilter [http-nio-8080-exec-6] admin
2021-11-04 22:52:33,272 INFO com.luongtx.oes.security.filter.JwtRequestFilter [http-nio-8080-exec-6] Validate the token
2021-11-04 22:52:33,293 INFO com.luongtx.oes.service.impl.CatalogueServiceImpl [http-nio-8080-exec-6] 0
2021-11-04 22:52:33,299 INFO com.luongtx.oes.service.impl.CatalogueServiceImpl [http-nio-8080-exec-6] 2
2021-11-04 22:52:33,302 INFO com.luongtx.oes.service.impl.CatalogueServiceImpl [http-nio-8080-exec-6] 0
2021-11-04 22:52:33,306 INFO com.luongtx.oes.service.impl.CatalogueServiceImpl [http-nio-8080-exec-6] 0
2021-11-04 22:52:33,310 INFO com.luongtx.oes.service.impl.CatalogueServiceImpl [http-nio-8080-exec-6] 2
2021-11-04 22:54:47,226 INFO com.luongtx.oes.security.filter.JwtRequestFilter [http-nio-8080-exec-9] admin
2021-11-04 22:54:47,234 INFO com.luongtx.oes.security.filter.JwtRequestFilter [http-nio-8080-exec-9] Validate the token
2021-11-04 22:54:47,257 INFO com.luongtx.oes.service.impl.CatalogueServiceImpl [http-nio-8080-exec-9] 0
2021-11-04 22:54:47,260 INFO com.luongtx.oes.service.impl.CatalogueServiceImpl [http-nio-8080-exec-9] 2
2021-11-04 22:54:47,266 INFO com.luongtx.oes.service.impl.CatalogueServiceImpl [http-nio-8080-exec-9] 0
2021-11-04 22:54:47,271 INFO com.luongtx.oes.service.impl.CatalogueServiceImpl [http-nio-8080-exec-9] 0
2021-11-04 22:54:47,275 INFO com.luongtx.oes.service.impl.CatalogueServiceImpl [http-nio-8080-exec-9] 2
2021-11-04 22:54:47,278 INFO com.luongtx.oes.service.impl.CatalogueServiceImpl [http-nio-8080-exec-9] 0
2021-11-04 22:54:47,283 INFO com.luongtx.oes.service.impl.CatalogueServiceImpl [http-nio-8080-exec-9] 0
2021-11-04 22:55:16,271 INFO com.luongtx.oes.security.filter.JwtRequestFilter [http-nio-8080-exec-1] admin
2021-11-04 22:55:16,272 INFO com.luongtx.oes.security.filter.JwtRequestFilter [http-nio-8080-exec-1] Validate the token
2021-11-04 22:55:31,305 INFO com.luongtx.oes.security.filter.JwtRequestFilter [http-nio-8080-exec-3] admin
2021-11-04 22:55:31,305 INFO com.luongtx.oes.security.filter.JwtRequestFilter [http-nio-8080-exec-3] Validate the token
2021-11-04 22:55:31,316 INFO com.luongtx.oes.service.impl.CatalogueServiceImpl [http-nio-8080-exec-3] 0
2021-11-04 22:55:31,320 INFO com.luongtx.oes.service.impl.CatalogueServiceImpl [http-nio-8080-exec-3] 0
2021-11-04 22:55:33,745 INFO com.luongtx.oes.security.filter.JwtRequestFilter [http-nio-8080-exec-2] admin
2021-11-04 22:55:33,746 INFO com.luongtx.oes.security.filter.JwtRequestFilter [http-nio-8080-exec-2] Validate the token
2021-11-04 22:55:33,762 INFO com.luongtx.oes.service.impl.CatalogueServiceImpl [http-nio-8080-exec-2] 0
2021-11-04 22:55:33,765 INFO com.luongtx.oes.service.impl.CatalogueServiceImpl [http-nio-8080-exec-2] 2
2021-11-04 22:55:33,769 INFO com.luongtx.oes.service.impl.CatalogueServiceImpl [http-nio-8080-exec-2] 0
2021-11-04 22:55:33,774 INFO com.luongtx.oes.service.impl.CatalogueServiceImpl [http-nio-8080-exec-2] 0
2021-11-04 22:55:33,776 INFO com.luongtx.oes.service.impl.CatalogueServiceImpl [http-nio-8080-exec-2] 2
2021-11-04 22:55:49,220 INFO com.luongtx.oes.security.filter.JwtRequestFilter [http-nio-8080-exec-5] admin
2021-11-04 22:55:49,222 INFO com.luongtx.oes.security.filter.JwtRequestFilter [http-nio-8080-exec-5] Validate the token
2021-11-04 22:55:49,233 INFO com.luongtx.oes.service.impl.CatalogueServiceImpl [http-nio-8080-exec-5] 0
2021-11-04 22:55:49,238 INFO com.luongtx.oes.service.impl.CatalogueServiceImpl [http-nio-8080-exec-5] 0
2021-11-04 22:56:05,074 INFO com.luongtx.oes.security.filter.JwtRequestFilter [http-nio-8080-exec-4] admin
2021-11-04 22:56:05,077 INFO com.luongtx.oes.security.filter.JwtRequestFilter [http-nio-8080-exec-4] Validate the token
2021-11-04 22:56:05,100 INFO com.luongtx.oes.service.impl.CatalogueServiceImpl [http-nio-8080-exec-4] 0
2021-11-04 22:56:05,107 INFO com.luongtx.oes.service.impl.CatalogueServiceImpl [http-nio-8080-exec-4] 2
2021-11-04 22:56:05,110 INFO com.luongtx.oes.service.impl.CatalogueServiceImpl [http-nio-8080-exec-4] 0
2021-11-04 22:56:05,114 INFO com.luongtx.oes.service.impl.CatalogueServiceImpl [http-nio-8080-exec-4] 0
2021-11-04 22:56:05,117 INFO com.luongtx.oes.service.impl.CatalogueServiceImpl [http-nio-8080-exec-4] 2
2021-11-04 22:56:05,125 INFO com.luongtx.oes.service.impl.CatalogueServiceImpl [http-nio-8080-exec-4] 0
2021-11-04 22:56:05,131 INFO com.luongtx.oes.service.impl.CatalogueServiceImpl [http-nio-8080-exec-4] 0
2021-11-04 22:56:08,255 INFO com.luongtx.oes.security.filter.JwtRequestFilter [http-nio-8080-exec-7] admin
2021-11-04 22:56:08,255 INFO com.luongtx.oes.security.filter.JwtRequestFilter [http-nio-8080-exec-7] Validate the token
2021-11-04 22:56:30,350 INFO com.luongtx.oes.security.filter.JwtRequestFilter [http-nio-8080-exec-9] admin
2021-11-04 22:56:30,351 INFO com.luongtx.oes.security.filter.JwtRequestFilter [http-nio-8080-exec-9] Validate the token
2021-11-04 22:56:59,594 INFO com.luongtx.oes.security.filter.JwtRequestFilter [http-nio-8080-exec-10] admin
2021-11-04 22:56:59,595 INFO com.luongtx.oes.security.filter.JwtRequestFilter [http-nio-8080-exec-10] Validate the token
2021-11-04 22:56:59,617 INFO com.luongtx.oes.service.impl.CatalogueServiceImpl [http-nio-8080-exec-10] 0
2021-11-04 22:56:59,621 INFO com.luongtx.oes.service.impl.CatalogueServiceImpl [http-nio-8080-exec-10] 2
2021-11-04 22:56:59,625 INFO com.luongtx.oes.service.impl.CatalogueServiceImpl [http-nio-8080-exec-10] 0
2021-11-04 22:56:59,628 INFO com.luongtx.oes.service.impl.CatalogueServiceImpl [http-nio-8080-exec-10] 0
2021-11-04 22:56:59,631 INFO com.luongtx.oes.service.impl.CatalogueServiceImpl [http-nio-8080-exec-10] 2
2021-11-04 22:56:59,634 INFO com.luongtx.oes.service.impl.CatalogueServiceImpl [http-nio-8080-exec-10] 1
2021-11-04 22:56:59,636 INFO com.luongtx.oes.service.impl.CatalogueServiceImpl [http-nio-8080-exec-10] 1
2021-11-04 22:57:01,634 INFO com.luongtx.oes.security.filter.JwtRequestFilter [http-nio-8080-exec-1] admin
2021-11-04 22:57:01,635 INFO com.luongtx.oes.security.filter.JwtRequestFilter [http-nio-8080-exec-1] Validate the token
2021-11-04 22:57:08,550 INFO com.luongtx.oes.security.filter.JwtRequestFilter [http-nio-8080-exec-3] admin
2021-11-04 22:57:08,550 INFO com.luongtx.oes.security.filter.JwtRequestFilter [http-nio-8080-exec-3] Validate the token
2021-11-04 22:57:08,568 INFO com.luongtx.oes.service.impl.CatalogueServiceImpl [http-nio-8080-exec-3] 0
2021-11-04 22:57:08,571 INFO com.luongtx.oes.service.impl.CatalogueServiceImpl [http-nio-8080-exec-3] 2
2021-11-04 22:57:08,573 INFO com.luongtx.oes.service.impl.CatalogueServiceImpl [http-nio-8080-exec-3] 0
2021-11-04 22:57:08,577 INFO com.luongtx.oes.service.impl.CatalogueServiceImpl [http-nio-8080-exec-3] 0
2021-11-04 22:57:08,581 INFO com.luongtx.oes.service.impl.CatalogueServiceImpl [http-nio-8080-exec-3] 2
2021-11-04 22:57:09,806 INFO com.luongtx.oes.security.filter.JwtRequestFilter [http-nio-8080-exec-2] admin
2021-11-04 22:57:09,807 INFO com.luongtx.oes.security.filter.JwtRequestFilter [http-nio-8080-exec-2] Validate the token
2021-11-04 22:57:09,823 INFO com.luongtx.oes.service.impl.CatalogueServiceImpl [http-nio-8080-exec-2] 1
2021-11-04 22:57:09,826 INFO com.luongtx.oes.service.impl.CatalogueServiceImpl [http-nio-8080-exec-2] 1
2021-11-04 22:57:19,698 INFO com.luongtx.oes.security.filter.JwtRequestFilter [http-nio-8080-exec-5] admin
2021-11-04 22:57:19,698 INFO com.luongtx.oes.security.filter.JwtRequestFilter [http-nio-8080-exec-5] Validate the token
2021-11-04 22:57:19,727 INFO com.luongtx.oes.service.impl.CatalogueServiceImpl [http-nio-8080-exec-5] 0
2021-11-04 22:57:19,729 INFO com.luongtx.oes.service.impl.CatalogueServiceImpl [http-nio-8080-exec-5] 2
2021-11-04 22:57:19,732 INFO com.luongtx.oes.service.impl.CatalogueServiceImpl [http-nio-8080-exec-5] 0
2021-11-04 22:57:19,736 INFO com.luongtx.oes.service.impl.CatalogueServiceImpl [http-nio-8080-exec-5] 0
2021-11-04 22:57:19,738 INFO com.luongtx.oes.service.impl.CatalogueServiceImpl [http-nio-8080-exec-5] 2
2021-11-04 22:57:19,742 INFO com.luongtx.oes.service.impl.CatalogueServiceImpl [http-nio-8080-exec-5] 1
2021-11-04 22:57:19,745 INFO com.luongtx.oes.service.impl.CatalogueServiceImpl [http-nio-8080-exec-5] 1
2021-11-04 22:57:24,019 INFO com.luongtx.oes.security.filter.JwtRequestFilter [http-nio-8080-exec-4] admin
2021-11-04 22:57:24,020 INFO com.luongtx.oes.security.filter.JwtRequestFilter [http-nio-8080-exec-4] Validate the token
2021-11-04 22:57:24,048 INFO com.luongtx.oes.service.impl.CatalogueServiceImpl [http-nio-8080-exec-4] 0
2021-11-04 22:57:24,054 INFO com.luongtx.oes.service.impl.CatalogueServiceImpl [http-nio-8080-exec-4] 2
2021-11-04 22:57:24,058 INFO com.luongtx.oes.service.impl.CatalogueServiceImpl [http-nio-8080-exec-4] 0
2021-11-04 22:57:24,064 INFO com.luongtx.oes.service.impl.CatalogueServiceImpl [http-nio-8080-exec-4] 0
2021-11-04 22:57:24,069 INFO com.luongtx.oes.service.impl.CatalogueServiceImpl [http-nio-8080-exec-4] 2
2021-11-04 22:57:25,183 INFO com.luongtx.oes.security.filter.JwtRequestFilter [http-nio-8080-exec-6] admin
2021-11-04 22:57:25,184 INFO com.luongtx.oes.security.filter.JwtRequestFilter [http-nio-8080-exec-6] Validate the token
2021-11-04 22:57:25,196 INFO com.luongtx.oes.service.impl.CatalogueServiceImpl [http-nio-8080-exec-6] 1
2021-11-04 22:57:25,199 INFO com.luongtx.oes.service.impl.CatalogueServiceImpl [http-nio-8080-exec-6] 1
2021-11-04 22:57:27,999 INFO com.luongtx.oes.security.filter.JwtRequestFilter [http-nio-8080-exec-8] admin
2021-11-04 22:57:27,999 INFO com.luongtx.oes.security.filter.JwtRequestFilter [http-nio-8080-exec-8] Validate the token
2021-11-04 22:58:19,986 INFO com.luongtx.oes.security.filter.JwtRequestFilter [http-nio-8080-exec-10] admin
2021-11-04 22:58:19,987 INFO com.luongtx.oes.security.filter.JwtRequestFilter [http-nio-8080-exec-10] Validate the token
2021-11-04 23:02:41,173 INFO com.luongtx.oes.security.filter.JwtRequestFilter [http-nio-8080-exec-3] admin
2021-11-04 23:02:41,174 INFO com.luongtx.oes.security.filter.JwtRequestFilter [http-nio-8080-exec-3] Validate the token
2021-11-04 23:02:41,198 INFO com.luongtx.oes.service.impl.CatalogueServiceImpl [http-nio-8080-exec-3] 0
2021-11-04 23:02:41,201 INFO com.luongtx.oes.service.impl.CatalogueServiceImpl [http-nio-8080-exec-3] 2
2021-11-04 23:02:41,208 INFO com.luongtx.oes.service.impl.CatalogueServiceImpl [http-nio-8080-exec-3] 0
2021-11-04 23:02:41,212 INFO com.luongtx.oes.service.impl.CatalogueServiceImpl [http-nio-8080-exec-3] 0
2021-11-04 23:02:41,215 INFO com.luongtx.oes.service.impl.CatalogueServiceImpl [http-nio-8080-exec-3] 2
2021-11-04 23:02:41,220 INFO com.luongtx.oes.service.impl.CatalogueServiceImpl [http-nio-8080-exec-3] 2
2021-11-04 23:02:41,224 INFO com.luongtx.oes.service.impl.CatalogueServiceImpl [http-nio-8080-exec-3] 1
2021-11-04 23:02:42,477 INFO com.luongtx.oes.security.filter.JwtRequestFilter [http-nio-8080-exec-2] admin
2021-11-04 23:02:42,478 INFO com.luongtx.oes.security.filter.JwtRequestFilter [http-nio-8080-exec-2] Validate the token
2021-11-04 23:03:09,251 INFO com.luongtx.oes.security.filter.JwtRequestFilter [http-nio-8080-exec-5] admin
2021-11-04 23:03:09,252 INFO com.luongtx.oes.security.filter.JwtRequestFilter [http-nio-8080-exec-5] Validate the token
2021-11-04 23:03:46,773 ERROR com.luongtx.oes.security.filter.JwtRequestFilter [http-nio-8080-exec-6] JWT Token does not begin with Bearer String
2021-11-04 23:03:46,887 INFO com.luongtx.oes.service.impl.AuthenticationServiceImpl [http-nio-8080-exec-6] [ROLE_ADMIN]
2021-11-04 23:03:46,973 INFO com.luongtx.oes.security.filter.JwtRequestFilter [http-nio-8080-exec-7] admin
2021-11-04 23:03:46,974 INFO com.luongtx.oes.security.filter.JwtRequestFilter [http-nio-8080-exec-7] Validate the token
2021-11-04 23:03:47,000 INFO com.luongtx.oes.service.impl.ProfileServiceImpl [http-nio-8080-exec-7] Profile(id=3, fullName=Admin, gender=female, email=admin@gmail.com, phoneNo=123456, birthDay=2020-10-19, imageSrc=/mnt/storage/uploads/avatar_2x.png, user=com.luongtx.oes.entity.User@2fae944)
2021-11-04 23:03:50,009 INFO com.luongtx.oes.security.filter.JwtRequestFilter [http-nio-8080-exec-9] admin
2021-11-04 23:03:50,010 INFO com.luongtx.oes.security.filter.JwtRequestFilter [http-nio-8080-exec-9] Validate the token
2021-11-04 23:03:50,031 INFO com.luongtx.oes.service.impl.CatalogueServiceImpl [http-nio-8080-exec-9] 0
2021-11-04 23:03:50,036 INFO com.luongtx.oes.service.impl.CatalogueServiceImpl [http-nio-8080-exec-9] 2
2021-11-04 23:03:50,042 INFO com.luongtx.oes.service.impl.CatalogueServiceImpl [http-nio-8080-exec-9] 0
2021-11-04 23:03:50,047 INFO com.luongtx.oes.service.impl.CatalogueServiceImpl [http-nio-8080-exec-9] 0
2021-11-04 23:03:50,052 INFO com.luongtx.oes.service.impl.CatalogueServiceImpl [http-nio-8080-exec-9] 2
2021-11-04 23:03:52,602 INFO com.luongtx.oes.security.filter.JwtRequestFilter [http-nio-8080-exec-10] admin
2021-11-04 23:03:52,603 INFO com.luongtx.oes.security.filter.JwtRequestFilter [http-nio-8080-exec-10] Validate the token
2021-11-04 23:03:52,616 INFO com.luongtx.oes.service.impl.CatalogueServiceImpl [http-nio-8080-exec-10] 0
2021-11-04 23:03:52,618 INFO com.luongtx.oes.service.impl.CatalogueServiceImpl [http-nio-8080-exec-10] 2
2021-11-04 23:03:52,621 INFO com.luongtx.oes.service.impl.CatalogueServiceImpl [http-nio-8080-exec-10] 0
2021-11-04 23:03:52,625 INFO com.luongtx.oes.service.impl.CatalogueServiceImpl [http-nio-8080-exec-10] 0
2021-11-04 23:03:52,628 INFO com.luongtx.oes.service.impl.CatalogueServiceImpl [http-nio-8080-exec-10] 2
2021-11-04 23:03:52,630 INFO com.luongtx.oes.service.impl.CatalogueServiceImpl [http-nio-8080-exec-10] 3
2021-11-04 23:03:52,631 INFO com.luongtx.oes.service.impl.CatalogueServiceImpl [http-nio-8080-exec-10] 2
2021-11-04 23:03:55,491 INFO com.luongtx.oes.security.filter.JwtRequestFilter [http-nio-8080-exec-3] admin
2021-11-04 23:03:55,492 INFO com.luongtx.oes.security.filter.JwtRequestFilter [http-nio-8080-exec-3] Validate the token
2021-11-04 23:04:01,038 INFO com.luongtx.oes.security.filter.JwtRequestFilter [http-nio-8080-exec-2] admin
2021-11-04 23:04:01,039 INFO com.luongtx.oes.security.filter.JwtRequestFilter [http-nio-8080-exec-2] Validate the token
2021-11-04 23:04:01,052 INFO com.luongtx.oes.service.impl.CatalogueServiceImpl [http-nio-8080-exec-2] 3
2021-11-04 23:04:01,054 INFO com.luongtx.oes.service.impl.CatalogueServiceImpl [http-nio-8080-exec-2] 2
2021-11-04 23:04:08,879 INFO com.luongtx.oes.security.filter.JwtRequestFilter [http-nio-8080-exec-5] admin
2021-11-04 23:04:08,879 INFO com.luongtx.oes.security.filter.JwtRequestFilter [http-nio-8080-exec-5] Validate the token
2021-11-04 23:04:08,892 INFO com.luongtx.oes.service.impl.CatalogueServiceImpl [http-nio-8080-exec-5] 0
2021-11-04 23:04:08,894 INFO com.luongtx.oes.service.impl.CatalogueServiceImpl [http-nio-8080-exec-5] 2
2021-11-04 23:04:08,898 INFO com.luongtx.oes.service.impl.CatalogueServiceImpl [http-nio-8080-exec-5] 0
2021-11-04 23:04:08,906 INFO com.luongtx.oes.service.impl.CatalogueServiceImpl [http-nio-8080-exec-5] 0
2021-11-04 23:04:08,908 INFO com.luongtx.oes.service.impl.CatalogueServiceImpl [http-nio-8080-exec-5] 2
2021-11-04 23:04:08,910 INFO com.luongtx.oes.service.impl.CatalogueServiceImpl [http-nio-8080-exec-5] 3
2021-11-04 23:04:08,912 INFO com.luongtx.oes.service.impl.CatalogueServiceImpl [http-nio-8080-exec-5] 2
2021-11-04 23:04:09,827 INFO com.luongtx.oes.security.filter.JwtRequestFilter [http-nio-8080-exec-4] admin
2021-11-04 23:04:09,828 INFO com.luongtx.oes.security.filter.JwtRequestFilter [http-nio-8080-exec-4] Validate the token
2021-11-04 23:04:26,321 INFO com.luongtx.oes.security.filter.JwtRequestFilter [http-nio-8080-exec-6] admin
2021-11-04 23:04:26,322 INFO com.luongtx.oes.security.filter.JwtRequestFilter [http-nio-8080-exec-6] Validate the token
2021-11-04 23:04:26,341 INFO com.luongtx.oes.service.impl.CatalogueServiceImpl [http-nio-8080-exec-6] 0
2021-11-04 23:04:26,343 INFO com.luongtx.oes.service.impl.CatalogueServiceImpl [http-nio-8080-exec-6] 2
2021-11-04 23:04:26,347 INFO com.luongtx.oes.service.impl.CatalogueServiceImpl [http-nio-8080-exec-6] 0
2021-11-04 23:04:26,350 INFO com.luongtx.oes.service.impl.CatalogueServiceImpl [http-nio-8080-exec-6] 0
2021-11-04 23:04:26,352 INFO com.luongtx.oes.service.impl.CatalogueServiceImpl [http-nio-8080-exec-6] 2
2021-11-04 23:04:29,385 INFO com.luongtx.oes.security.filter.JwtRequestFilter [http-nio-8080-exec-7] admin
2021-11-04 23:04:29,385 INFO com.luongtx.oes.security.filter.JwtRequestFilter [http-nio-8080-exec-7] Validate the token
2021-11-04 23:04:29,395 INFO com.luongtx.oes.service.impl.CatalogueServiceImpl [http-nio-8080-exec-7] 3
2021-11-04 23:04:29,398 INFO com.luongtx.oes.service.impl.CatalogueServiceImpl [http-nio-8080-exec-7] 2
2021-11-04 23:12:11,259 INFO com.luongtx.oes.security.filter.JwtRequestFilter [http-nio-8080-exec-10] admin
2021-11-04 23:12:11,260 INFO com.luongtx.oes.security.filter.JwtRequestFilter [http-nio-8080-exec-10] Validate the token
2021-11-04 23:12:11,275 INFO com.luongtx.oes.service.impl.CatalogueServiceImpl [http-nio-8080-exec-10] 0
2021-11-04 23:12:11,278 INFO com.luongtx.oes.service.impl.CatalogueServiceImpl [http-nio-8080-exec-10] 2
2021-11-04 23:12:11,280 INFO com.luongtx.oes.service.impl.CatalogueServiceImpl [http-nio-8080-exec-10] 0
2021-11-04 23:12:11,282 INFO com.luongtx.oes.service.impl.CatalogueServiceImpl [http-nio-8080-exec-10] 0
2021-11-04 23:12:11,285 INFO com.luongtx.oes.service.impl.CatalogueServiceImpl [http-nio-8080-exec-10] 2
2021-11-04 23:12:11,289 INFO com.luongtx.oes.service.impl.CatalogueServiceImpl [http-nio-8080-exec-10] 3
2021-11-04 23:12:11,293 INFO com.luongtx.oes.service.impl.CatalogueServiceImpl [http-nio-8080-exec-10] 2
2021-11-04 23:12:15,635 INFO com.luongtx.oes.security.filter.JwtRequestFilter [http-nio-8080-exec-1] admin
2021-11-04 23:12:15,635 INFO com.luongtx.oes.security.filter.JwtRequestFilter [http-nio-8080-exec-1] Validate the token
2021-11-04 23:12:15,650 INFO com.luongtx.oes.service.impl.CatalogueServiceImpl [http-nio-8080-exec-1] 0
2021-11-04 23:12:15,654 INFO com.luongtx.oes.service.impl.CatalogueServiceImpl [http-nio-8080-exec-1] 2
2021-11-04 23:12:15,659 INFO com.luongtx.oes.service.impl.CatalogueServiceImpl [http-nio-8080-exec-1] 0
2021-11-04 23:12:15,662 INFO com.luongtx.oes.service.impl.CatalogueServiceImpl [http-nio-8080-exec-1] 0
2021-11-04 23:12:15,667 INFO com.luongtx.oes.service.impl.CatalogueServiceImpl [http-nio-8080-exec-1] 2
2021-11-04 23:12:17,322 INFO com.luongtx.oes.security.filter.JwtRequestFilter [http-nio-8080-exec-3] admin
2021-11-04 23:12:17,322 INFO com.luongtx.oes.security.filter.JwtRequestFilter [http-nio-8080-exec-3] Validate the token
2021-11-04 23:12:17,333 INFO com.luongtx.oes.service.impl.CatalogueServiceImpl [http-nio-8080-exec-3] 3
2021-11-04 23:12:17,335 INFO com.luongtx.oes.service.impl.CatalogueServiceImpl [http-nio-8080-exec-3] 2
2021-11-04 23:12:20,642 INFO com.luongtx.oes.security.filter.JwtRequestFilter [http-nio-8080-exec-2] admin
2021-11-04 23:12:20,642 INFO com.luongtx.oes.security.filter.JwtRequestFilter [http-nio-8080-exec-2] Validate the token
2021-11-04 23:12:20,663 INFO com.luongtx.oes.service.impl.CatalogueServiceImpl [http-nio-8080-exec-2] 0
2021-11-04 23:12:20,668 INFO com.luongtx.oes.service.impl.CatalogueServiceImpl [http-nio-8080-exec-2] 2
2021-11-04 23:12:20,674 INFO com.luongtx.oes.service.impl.CatalogueServiceImpl [http-nio-8080-exec-2] 0
2021-11-04 23:12:20,678 INFO com.luongtx.oes.service.impl.CatalogueServiceImpl [http-nio-8080-exec-2] 0
2021-11-04 23:12:20,680 INFO com.luongtx.oes.service.impl.CatalogueServiceImpl [http-nio-8080-exec-2] 2
2021-11-04 23:12:20,684 INFO com.luongtx.oes.service.impl.CatalogueServiceImpl [http-nio-8080-exec-2] 3
2021-11-04 23:12:20,691 INFO com.luongtx.oes.service.impl.CatalogueServiceImpl [http-nio-8080-exec-2] 2
2021-11-04 23:12:28,371 INFO com.luongtx.oes.security.filter.JwtRequestFilter [http-nio-8080-exec-5] admin
2021-11-04 23:12:28,372 INFO com.luongtx.oes.security.filter.JwtRequestFilter [http-nio-8080-exec-5] Validate the token
2021-11-04 23:12:28,384 INFO com.luongtx.oes.service.impl.CatalogueServiceImpl [http-nio-8080-exec-5] 0
2021-11-04 23:12:28,386 INFO com.luongtx.oes.service.impl.CatalogueServiceImpl [http-nio-8080-exec-5] 2
2021-11-04 23:12:28,389 INFO com.luongtx.oes.service.impl.CatalogueServiceImpl [http-nio-8080-exec-5] 0
2021-11-04 23:12:28,392 INFO com.luongtx.oes.service.impl.CatalogueServiceImpl [http-nio-8080-exec-5] 0
2021-11-04 23:12:28,395 INFO com.luongtx.oes.service.impl.CatalogueServiceImpl [http-nio-8080-exec-5] 2
2021-11-04 23:12:28,397 INFO com.luongtx.oes.service.impl.CatalogueServiceImpl [http-nio-8080-exec-5] 3
2021-11-04 23:12:28,399 INFO com.luongtx.oes.service.impl.CatalogueServiceImpl [http-nio-8080-exec-5] 2
2021-11-04 23:12:34,604 INFO com.luongtx.oes.security.filter.JwtRequestFilter [http-nio-8080-exec-4] admin
2021-11-04 23:12:34,604 INFO com.luongtx.oes.security.filter.JwtRequestFilter [http-nio-8080-exec-4] Validate the token
2021-11-04 23:12:46,143 INFO com.luongtx.oes.security.filter.JwtRequestFilter [http-nio-8080-exec-6] admin
2021-11-04 23:12:46,144 INFO com.luongtx.oes.security.filter.JwtRequestFilter [http-nio-8080-exec-6] Validate the token
2021-11-04 23:12:46,156 INFO com.luongtx.oes.service.impl.CatalogueServiceImpl [http-nio-8080-exec-6] 0
2021-11-04 23:12:46,159 INFO com.luongtx.oes.service.impl.CatalogueServiceImpl [http-nio-8080-exec-6] 2
2021-11-04 23:12:46,163 INFO com.luongtx.oes.service.impl.CatalogueServiceImpl [http-nio-8080-exec-6] 0
2021-11-04 23:12:46,166 INFO com.luongtx.oes.service.impl.CatalogueServiceImpl [http-nio-8080-exec-6] 0
2021-11-04 23:12:46,171 INFO com.luongtx.oes.service.impl.CatalogueServiceImpl [http-nio-8080-exec-6] 2
2021-11-04 23:18:38,530 INFO com.luongtx.oes.security.filter.JwtRequestFilter [http-nio-8080-exec-9] admin
2021-11-04 23:18:38,531 INFO com.luongtx.oes.security.filter.JwtRequestFilter [http-nio-8080-exec-9] Validate the token
2021-11-04 23:18:38,546 INFO com.luongtx.oes.service.impl.ProfileServiceImpl [http-nio-8080-exec-9] Profile(id=3, fullName=Admin, gender=female, email=admin@gmail.com, phoneNo=123456, birthDay=2020-10-19, imageSrc=/mnt/storage/uploads/avatar_2x.png, user=com.luongtx.oes.entity.User@10ff5089)
2021-11-04 23:18:39,223 INFO com.luongtx.oes.security.filter.JwtRequestFilter [http-nio-8080-exec-10] admin
2021-11-04 23:18:39,223 INFO com.luongtx.oes.security.filter.JwtRequestFilter [http-nio-8080-exec-10] Validate the token
2021-11-04 23:18:39,241 INFO com.luongtx.oes.service.impl.CatalogueServiceImpl [http-nio-8080-exec-10] 0
2021-11-04 23:18:39,254 INFO com.luongtx.oes.service.impl.CatalogueServiceImpl [http-nio-8080-exec-10] 2
2021-11-04 23:18:39,263 INFO com.luongtx.oes.service.impl.CatalogueServiceImpl [http-nio-8080-exec-10] 0
2021-11-04 23:18:39,269 INFO com.luongtx.oes.service.impl.CatalogueServiceImpl [http-nio-8080-exec-10] 0
2021-11-04 23:18:39,273 INFO com.luongtx.oes.service.impl.CatalogueServiceImpl [http-nio-8080-exec-10] 2
2021-11-04 23:19:23,480 ERROR com.luongtx.oes.security.filter.JwtRequestFilter [http-nio-8080-exec-2] JWT Token does not begin with Bearer String
2021-11-04 23:19:23,623 INFO com.luongtx.oes.service.impl.AuthenticationServiceImpl [http-nio-8080-exec-2] [ROLE_ADMIN]
2021-11-04 23:19:23,722 INFO com.luongtx.oes.security.filter.JwtRequestFilter [http-nio-8080-exec-5] admin
2021-11-04 23:19:23,728 INFO com.luongtx.oes.security.filter.JwtRequestFilter [http-nio-8080-exec-5] Validate the token
2021-11-04 23:19:23,752 INFO com.luongtx.oes.service.impl.ProfileServiceImpl [http-nio-8080-exec-5] Profile(id=3, fullName=Admin, gender=female, email=admin@gmail.com, phoneNo=123456, birthDay=2020-10-19, imageSrc=/mnt/storage/uploads/avatar_2x.png, user=com.luongtx.oes.entity.User@eb4722c)
2021-11-04 23:19:26,698 INFO com.luongtx.oes.security.filter.JwtRequestFilter [http-nio-8080-exec-7] admin
2021-11-04 23:19:26,698 INFO com.luongtx.oes.security.filter.JwtRequestFilter [http-nio-8080-exec-7] Validate the token
2021-11-04 23:19:26,717 INFO com.luongtx.oes.service.impl.CatalogueServiceImpl [http-nio-8080-exec-7] 0
2021-11-04 23:19:26,722 INFO com.luongtx.oes.service.impl.CatalogueServiceImpl [http-nio-8080-exec-7] 2
2021-11-04 23:19:26,726 INFO com.luongtx.oes.service.impl.CatalogueServiceImpl [http-nio-8080-exec-7] 0
2021-11-04 23:19:26,732 INFO com.luongtx.oes.service.impl.CatalogueServiceImpl [http-nio-8080-exec-7] 0
2021-11-04 23:19:26,739 INFO com.luongtx.oes.service.impl.CatalogueServiceImpl [http-nio-8080-exec-7] 2
2021-11-04 23:19:29,398 INFO com.luongtx.oes.security.filter.JwtRequestFilter [http-nio-8080-exec-9] admin
2021-11-04 23:19:29,398 INFO com.luongtx.oes.security.filter.JwtRequestFilter [http-nio-8080-exec-9] Validate the token
2021-11-04 23:19:29,411 INFO com.luongtx.oes.service.impl.CatalogueServiceImpl [http-nio-8080-exec-9] 3
2021-11-04 23:19:29,413 INFO com.luongtx.oes.service.impl.CatalogueServiceImpl [http-nio-8080-exec-9] 2
2021-11-04 23:19:31,870 INFO com.luongtx.oes.security.filter.JwtRequestFilter [http-nio-8080-exec-10] admin
2021-11-04 23:19:31,871 INFO com.luongtx.oes.security.filter.JwtRequestFilter [http-nio-8080-exec-10] Validate the token
2021-11-04 23:19:31,890 INFO com.luongtx.oes.service.impl.CatalogueServiceImpl [http-nio-8080-exec-10] 0
2021-11-04 23:19:31,892 INFO com.luongtx.oes.service.impl.CatalogueServiceImpl [http-nio-8080-exec-10] 2
2021-11-04 23:19:31,894 INFO com.luongtx.oes.service.impl.CatalogueServiceImpl [http-nio-8080-exec-10] 0
2021-11-04 23:19:31,896 INFO com.luongtx.oes.service.impl.CatalogueServiceImpl [http-nio-8080-exec-10] 0
2021-11-04 23:19:31,898 INFO com.luongtx.oes.service.impl.CatalogueServiceImpl [http-nio-8080-exec-10] 2
2021-11-04 23:19:31,900 INFO com.luongtx.oes.service.impl.CatalogueServiceImpl [http-nio-8080-exec-10] 3
2021-11-04 23:19:31,901 INFO com.luongtx.oes.service.impl.CatalogueServiceImpl [http-nio-8080-exec-10] 2
2021-11-04 23:20:09,205 INFO com.luongtx.oes.security.filter.JwtRequestFilter [http-nio-8080-exec-1] admin
2021-11-04 23:20:09,205 INFO com.luongtx.oes.security.filter.JwtRequestFilter [http-nio-8080-exec-1] Validate the token
2021-11-04 23:20:09,219 INFO com.luongtx.oes.service.impl.CatalogueServiceImpl [http-nio-8080-exec-1] 0
2021-11-04 23:20:09,221 INFO com.luongtx.oes.service.impl.CatalogueServiceImpl [http-nio-8080-exec-1] 2
2021-11-04 23:20:09,225 INFO com.luongtx.oes.service.impl.CatalogueServiceImpl [http-nio-8080-exec-1] 0
2021-11-04 23:20:09,228 INFO com.luongtx.oes.service.impl.CatalogueServiceImpl [http-nio-8080-exec-1] 0
2021-11-04 23:20:09,230 INFO com.luongtx.oes.service.impl.CatalogueServiceImpl [http-nio-8080-exec-1] 2
2021-11-04 23:20:09,232 INFO com.luongtx.oes.service.impl.CatalogueServiceImpl [http-nio-8080-exec-1] 3
2021-11-04 23:20:09,234 INFO com.luongtx.oes.service.impl.CatalogueServiceImpl [http-nio-8080-exec-1] 2
2021-11-04 23:20:30,819 INFO com.luongtx.oes.security.filter.JwtRequestFilter [http-nio-8080-exec-3] admin
2021-11-04 23:20:30,820 INFO com.luongtx.oes.security.filter.JwtRequestFilter [http-nio-8080-exec-3] Validate the token
2021-11-04 23:20:30,838 INFO com.luongtx.oes.service.impl.ProfileServiceImpl [http-nio-8080-exec-3] Profile(id=3, fullName=Admin, gender=female, email=admin@gmail.com, phoneNo=123456, birthDay=2020-10-19, imageSrc=/mnt/storage/uploads/avatar_2x.png, user=com.luongtx.oes.entity.User@39b2f1de)
2021-11-04 23:21:39,020 INFO com.luongtx.oes.security.filter.JwtRequestFilter [http-nio-8080-exec-6] admin
2021-11-04 23:21:39,021 INFO com.luongtx.oes.security.filter.JwtRequestFilter [http-nio-8080-exec-6] Validate the token
2021-11-04 23:21:39,037 INFO com.luongtx.oes.service.impl.ProfileServiceImpl [http-nio-8080-exec-6] Profile(id=3, fullName=Admin, gender=female, email=admin@gmail.com, phoneNo=123456, birthDay=2020-10-19, imageSrc=/mnt/storage/uploads/avatar_2x.png, user=com.luongtx.oes.entity.User@62d333c8)
2021-11-04 23:21:43,864 INFO com.luongtx.oes.security.filter.JwtRequestFilter [http-nio-8080-exec-8] admin
2021-11-04 23:21:43,864 INFO com.luongtx.oes.security.filter.JwtRequestFilter [http-nio-8080-exec-8] Validate the token
2021-11-04 23:21:43,885 INFO com.luongtx.oes.service.impl.CatalogueServiceImpl [http-nio-8080-exec-8] 0
2021-11-04 23:21:43,890 INFO com.luongtx.oes.service.impl.CatalogueServiceImpl [http-nio-8080-exec-8] 2
2021-11-04 23:21:43,895 INFO com.luongtx.oes.service.impl.CatalogueServiceImpl [http-nio-8080-exec-8] 0
2021-11-04 23:21:43,898 INFO com.luongtx.oes.service.impl.CatalogueServiceImpl [http-nio-8080-exec-8] 0
2021-11-04 23:21:43,901 INFO com.luongtx.oes.service.impl.CatalogueServiceImpl [http-nio-8080-exec-8] 2
2021-11-04 23:21:47,451 INFO com.luongtx.oes.security.filter.JwtRequestFilter [http-nio-8080-exec-10] admin
2021-11-04 23:21:47,451 INFO com.luongtx.oes.security.filter.JwtRequestFilter [http-nio-8080-exec-10] Validate the token
2021-11-04 23:21:47,464 INFO com.luongtx.oes.service.impl.CatalogueServiceImpl [http-nio-8080-exec-10] 3
2021-11-04 23:21:47,466 INFO com.luongtx.oes.service.impl.CatalogueServiceImpl [http-nio-8080-exec-10] 2
2021-11-04 23:21:49,413 INFO com.luongtx.oes.security.filter.JwtRequestFilter [http-nio-8080-exec-1] admin
2021-11-04 23:21:49,413 INFO com.luongtx.oes.security.filter.JwtRequestFilter [http-nio-8080-exec-1] Validate the token
2021-11-04 23:21:49,445 INFO com.luongtx.oes.security.filter.JwtRequestFilter [http-nio-8080-exec-2] admin
2021-11-04 23:21:49,446 INFO com.luongtx.oes.security.filter.JwtRequestFilter [http-nio-8080-exec-2] Validate the token
2021-11-04 23:21:49,472 INFO com.luongtx.oes.service.impl.CatalogueServiceImpl [http-nio-8080-exec-2] 0
2021-11-04 23:21:49,476 INFO com.luongtx.oes.service.impl.CatalogueServiceImpl [http-nio-8080-exec-2] 2
2021-11-04 23:21:49,479 INFO com.luongtx.oes.service.impl.CatalogueServiceImpl [http-nio-8080-exec-2] 0
2021-11-04 23:21:49,484 INFO com.luongtx.oes.service.impl.CatalogueServiceImpl [http-nio-8080-exec-2] 0
2021-11-04 23:21:49,486 INFO com.luongtx.oes.service.impl.CatalogueServiceImpl [http-nio-8080-exec-2] 2
2021-11-04 23:21:49,490 INFO com.luongtx.oes.service.impl.CatalogueServiceImpl [http-nio-8080-exec-2] 3
2021-11-04 23:21:49,494 INFO com.luongtx.oes.service.impl.CatalogueServiceImpl [http-nio-8080-exec-2] 2
2021-11-04 23:22:07,752 INFO com.luongtx.oes.security.filter.JwtRequestFilter [http-nio-8080-exec-5] admin
2021-11-04 23:22:07,753 INFO com.luongtx.oes.security.filter.JwtRequestFilter [http-nio-8080-exec-5] Validate the token
2021-11-04 23:22:09,357 INFO com.luongtx.oes.security.filter.JwtRequestFilter [http-nio-8080-exec-6] admin
2021-11-04 23:22:09,358 INFO com.luongtx.oes.security.filter.JwtRequestFilter [http-nio-8080-exec-6] Validate the token
2021-11-04 23:22:09,360 INFO com.luongtx.oes.security.filter.JwtRequestFilter [http-nio-8080-exec-4] admin
2021-11-04 23:22:09,365 INFO com.luongtx.oes.security.filter.JwtRequestFilter [http-nio-8080-exec-4] Validate the token
2021-11-04 23:22:09,374 INFO com.luongtx.oes.service.impl.CatalogueServiceImpl [http-nio-8080-exec-6] 4
2021-11-04 23:22:09,376 INFO com.luongtx.oes.service.impl.CatalogueServiceImpl [http-nio-8080-exec-6] 3
2021-11-04 23:22:41,154 INFO com.luongtx.oes.security.filter.JwtRequestFilter [http-nio-8080-exec-7] admin
2021-11-04 23:22:41,154 INFO com.luongtx.oes.security.filter.JwtRequestFilter [http-nio-8080-exec-7] Validate the token
2021-11-04 23:22:42,219 INFO com.luongtx.oes.security.filter.JwtRequestFilter [http-nio-8080-exec-8] admin
2021-11-04 23:22:42,224 INFO com.luongtx.oes.security.filter.JwtRequestFilter [http-nio-8080-exec-8] Validate the token
2021-11-04 23:22:42,223 INFO com.luongtx.oes.security.filter.JwtRequestFilter [http-nio-8080-exec-9] admin
2021-11-04 23:22:42,225 INFO com.luongtx.oes.security.filter.JwtRequestFilter [http-nio-8080-exec-9] Validate the token
2021-11-04 23:22:42,244 INFO com.luongtx.oes.service.impl.CatalogueServiceImpl [http-nio-8080-exec-8] 4
2021-11-04 23:22:42,253 INFO com.luongtx.oes.service.impl.CatalogueServiceImpl [http-nio-8080-exec-8] 3
2021-11-04 23:22:59,306 INFO com.luongtx.oes.security.filter.JwtRequestFilter [http-nio-8080-exec-10] admin
2021-11-04 23:22:59,307 INFO com.luongtx.oes.security.filter.JwtRequestFilter [http-nio-8080-exec-10] Validate the token
2021-11-04 23:23:00,370 INFO com.luongtx.oes.security.filter.JwtRequestFilter [http-nio-8080-exec-1] admin
2021-11-04 23:23:00,370 INFO com.luongtx.oes.security.filter.JwtRequestFilter [http-nio-8080-exec-3] admin
2021-11-04 23:23:00,370 INFO com.luongtx.oes.security.filter.JwtRequestFilter [http-nio-8080-exec-1] Validate the token
2021-11-04 23:23:00,371 INFO com.luongtx.oes.security.filter.JwtRequestFilter [http-nio-8080-exec-3] Validate the token
2021-11-04 23:23:00,391 INFO com.luongtx.oes.service.impl.CatalogueServiceImpl [http-nio-8080-exec-1] 4
2021-11-04 23:23:00,398 INFO com.luongtx.oes.service.impl.CatalogueServiceImpl [http-nio-8080-exec-1] 3
2021-11-04 23:23:27,398 INFO com.luongtx.oes.security.filter.JwtRequestFilter [http-nio-8080-exec-2] admin
2021-11-04 23:23:27,398 INFO com.luongtx.oes.security.filter.JwtRequestFilter [http-nio-8080-exec-2] Validate the token
2021-11-04 23:23:27,415 INFO com.luongtx.oes.service.impl.CatalogueServiceImpl [http-nio-8080-exec-2] 0
2021-11-04 23:23:27,418 INFO com.luongtx.oes.service.impl.CatalogueServiceImpl [http-nio-8080-exec-2] 2
2021-11-04 23:23:27,420 INFO com.luongtx.oes.service.impl.CatalogueServiceImpl [http-nio-8080-exec-2] 0
2021-11-04 23:23:27,422 INFO com.luongtx.oes.service.impl.CatalogueServiceImpl [http-nio-8080-exec-2] 0
2021-11-04 23:23:27,423 INFO com.luongtx.oes.security.filter.JwtRequestFilter [http-nio-8080-exec-5] admin
2021-11-04 23:23:27,424 INFO com.luongtx.oes.security.filter.JwtRequestFilter [http-nio-8080-exec-5] Validate the token
2021-11-04 23:23:27,426 INFO com.luongtx.oes.service.impl.CatalogueServiceImpl [http-nio-8080-exec-2] 2
2021-11-04 23:23:27,430 INFO com.luongtx.oes.service.impl.CatalogueServiceImpl [http-nio-8080-exec-2] 4
2021-11-04 23:23:27,432 INFO com.luongtx.oes.service.impl.CatalogueServiceImpl [http-nio-8080-exec-2] 3
2021-11-04 23:25:38,208 INFO com.luongtx.oes.security.filter.JwtRequestFilter [http-nio-8080-exec-7] admin
2021-11-04 23:25:38,209 INFO com.luongtx.oes.security.filter.JwtRequestFilter [http-nio-8080-exec-7] Validate the token
2021-11-04 23:25:38,222 INFO com.luongtx.oes.security.filter.JwtRequestFilter [http-nio-8080-exec-9] admin
2021-11-04 23:25:38,222 INFO com.luongtx.oes.service.impl.CatalogueServiceImpl [http-nio-8080-exec-7] 0
2021-11-04 23:25:38,224 INFO com.luongtx.oes.security.filter.JwtRequestFilter [http-nio-8080-exec-9] Validate the token
2021-11-04 23:25:38,226 INFO com.luongtx.oes.service.impl.CatalogueServiceImpl [http-nio-8080-exec-7] 2
2021-11-04 23:25:38,229 INFO com.luongtx.oes.service.impl.CatalogueServiceImpl [http-nio-8080-exec-7] 0
2021-11-04 23:25:38,233 INFO com.luongtx.oes.service.impl.CatalogueServiceImpl [http-nio-8080-exec-7] 0
2021-11-04 23:25:38,235 INFO com.luongtx.oes.service.impl.CatalogueServiceImpl [http-nio-8080-exec-7] 2
2021-11-04 23:25:38,241 INFO com.luongtx.oes.service.impl.CatalogueServiceImpl [http-nio-8080-exec-7] 4
2021-11-04 23:25:38,249 INFO com.luongtx.oes.service.impl.CatalogueServiceImpl [http-nio-8080-exec-7] 3
2021-11-04 23:26:45,045 INFO com.luongtx.oes.security.filter.JwtRequestFilter [http-nio-8080-exec-1] admin
2021-11-04 23:26:45,048 INFO com.luongtx.oes.security.filter.JwtRequestFilter [http-nio-8080-exec-1] Validate the token
2021-11-04 23:26:45,079 INFO com.luongtx.oes.service.impl.CatalogueServiceImpl [http-nio-8080-exec-1] 0
2021-11-04 23:26:45,081 INFO com.luongtx.oes.service.impl.CatalogueServiceImpl [http-nio-8080-exec-1] 2
2021-11-04 23:26:45,096 INFO com.luongtx.oes.service.impl.CatalogueServiceImpl [http-nio-8080-exec-1] 0
2021-11-04 23:26:45,098 INFO com.luongtx.oes.service.impl.CatalogueServiceImpl [http-nio-8080-exec-1] 0
2021-11-04 23:26:45,101 INFO com.luongtx.oes.service.impl.CatalogueServiceImpl [http-nio-8080-exec-1] 2
2021-11-04 23:26:45,271 INFO com.luongtx.oes.security.filter.JwtRequestFilter [http-nio-8080-exec-3] admin
2021-11-04 23:26:45,275 INFO com.luongtx.oes.security.filter.JwtRequestFilter [http-nio-8080-exec-3] Validate the token
2021-11-04 23:26:45,298 INFO com.luongtx.oes.service.impl.ProfileServiceImpl [http-nio-8080-exec-3] Profile(id=3, fullName=Admin, gender=female, email=admin@gmail.com, phoneNo=123456, birthDay=2020-10-19, imageSrc=/mnt/storage/uploads/avatar_2x.png, user=com.luongtx.oes.entity.User@fd27d13)
2021-11-04 23:26:50,485 INFO com.luongtx.oes.security.filter.JwtRequestFilter [http-nio-8080-exec-5] admin
2021-11-04 23:26:50,485 INFO com.luongtx.oes.security.filter.JwtRequestFilter [http-nio-8080-exec-5] Validate the token
2021-11-04 23:26:50,507 INFO com.luongtx.oes.service.impl.CatalogueServiceImpl [http-nio-8080-exec-5] 0
2021-11-04 23:26:50,510 INFO com.luongtx.oes.service.impl.CatalogueServiceImpl [http-nio-8080-exec-5] 2
2021-11-04 23:26:50,513 INFO com.luongtx.oes.service.impl.CatalogueServiceImpl [http-nio-8080-exec-5] 0
2021-11-04 23:26:50,516 INFO com.luongtx.oes.service.impl.CatalogueServiceImpl [http-nio-8080-exec-5] 0
2021-11-04 23:26:50,520 INFO com.luongtx.oes.service.impl.CatalogueServiceImpl [http-nio-8080-exec-5] 2
2021-11-04 23:26:54,105 INFO com.luongtx.oes.security.filter.JwtRequestFilter [http-nio-8080-exec-6] admin
2021-11-04 23:26:54,106 INFO com.luongtx.oes.security.filter.JwtRequestFilter [http-nio-8080-exec-6] Validate the token
2021-11-04 23:26:54,125 INFO com.luongtx.oes.service.impl.CatalogueServiceImpl [http-nio-8080-exec-6] 0
2021-11-04 23:26:54,130 INFO com.luongtx.oes.service.impl.CatalogueServiceImpl [http-nio-8080-exec-6] 2
2021-11-04 23:26:54,133 INFO com.luongtx.oes.service.impl.CatalogueServiceImpl [http-nio-8080-exec-6] 0
2021-11-04 23:26:54,137 INFO com.luongtx.oes.service.impl.CatalogueServiceImpl [http-nio-8080-exec-6] 0
2021-11-04 23:26:54,143 INFO com.luongtx.oes.service.impl.CatalogueServiceImpl [http-nio-8080-exec-6] 2
2021-11-04 23:26:54,146 INFO com.luongtx.oes.service.impl.CatalogueServiceImpl [http-nio-8080-exec-6] 4
2021-11-04 23:26:54,149 INFO com.luongtx.oes.service.impl.CatalogueServiceImpl [http-nio-8080-exec-6] 3
2021-11-04 23:26:54,155 INFO com.luongtx.oes.security.filter.JwtRequestFilter [http-nio-8080-exec-9] admin
2021-11-04 23:26:54,155 INFO com.luongtx.oes.security.filter.JwtRequestFilter [http-nio-8080-exec-9] Validate the token
2021-11-04 23:27:33,660 INFO com.luongtx.oes.security.filter.JwtRequestFilter [http-nio-8080-exec-10] admin
2021-11-04 23:27:33,661 INFO com.luongtx.oes.security.filter.JwtRequestFilter [http-nio-8080-exec-10] Validate the token
2021-11-04 23:27:34,957 INFO com.luongtx.oes.security.filter.JwtRequestFilter [http-nio-8080-exec-8] admin
2021-11-04 23:27:34,961 INFO com.luongtx.oes.security.filter.JwtRequestFilter [http-nio-8080-exec-8] Validate the token
2021-11-04 23:27:34,972 INFO com.luongtx.oes.service.impl.CatalogueServiceImpl [http-nio-8080-exec-8] 0
2021-11-04 23:27:34,973 INFO com.luongtx.oes.security.filter.JwtRequestFilter [http-nio-8080-exec-1] admin
2021-11-04 23:27:34,981 INFO com.luongtx.oes.security.filter.JwtRequestFilter [http-nio-8080-exec-1] Validate the token
2021-11-04 23:27:34,982 INFO com.luongtx.oes.security.filter.JwtRequestFilter [http-nio-8080-exec-3] admin
2021-11-04 23:27:34,982 INFO com.luongtx.oes.security.filter.JwtRequestFilter [http-nio-8080-exec-3] Validate the token
2021-11-04 23:27:34,985 INFO com.luongtx.oes.service.impl.CatalogueServiceImpl [http-nio-8080-exec-8] 3
2021-11-04 23:27:34,994 INFO com.luongtx.oes.service.impl.CatalogueServiceImpl [http-nio-8080-exec-8] 0
2021-11-04 23:27:34,999 INFO com.luongtx.oes.service.impl.CatalogueServiceImpl [http-nio-8080-exec-1] 0
2021-11-04 23:27:35,002 INFO com.luongtx.oes.service.impl.CatalogueServiceImpl [http-nio-8080-exec-1] 3
2021-11-04 23:27:35,003 INFO com.luongtx.oes.service.impl.CatalogueServiceImpl [http-nio-8080-exec-8] 0
2021-11-04 23:27:35,006 INFO com.luongtx.oes.service.impl.CatalogueServiceImpl [http-nio-8080-exec-1] 0
2021-11-04 23:27:35,010 INFO com.luongtx.oes.service.impl.CatalogueServiceImpl [http-nio-8080-exec-8] 3
2021-11-04 23:27:35,015 INFO com.luongtx.oes.service.impl.CatalogueServiceImpl [http-nio-8080-exec-1] 0
2021-11-04 23:27:35,024 INFO com.luongtx.oes.service.impl.CatalogueServiceImpl [http-nio-8080-exec-1] 3
2021-11-04 23:34:39,286 ERROR com.luongtx.oes.security.filter.JwtRequestFilter [http-nio-8080-exec-9] JWT Token does not begin with Bearer String
2021-11-04 23:34:39,413 INFO com.luongtx.oes.service.impl.AuthenticationServiceImpl [http-nio-8080-exec-9] [ROLE_ADMIN]
2021-11-04 23:34:39,530 INFO com.luongtx.oes.security.filter.JwtRequestFilter [http-nio-8080-exec-7] admin
2021-11-04 23:34:39,532 INFO com.luongtx.oes.security.filter.JwtRequestFilter [http-nio-8080-exec-7] Validate the token
2021-11-04 23:34:39,555 INFO com.luongtx.oes.service.impl.ProfileServiceImpl [http-nio-8080-exec-7] Profile(id=3, fullName=Admin, gender=female, email=admin@gmail.com, phoneNo=123456, birthDay=2020-10-19, imageSrc=/mnt/storage/uploads/avatar_2x.png, user=com.luongtx.oes.entity.User@73deee0f)
2021-11-04 23:34:42,124 INFO com.luongtx.oes.security.filter.JwtRequestFilter [http-nio-8080-exec-8] admin
2021-11-04 23:34:42,127 INFO com.luongtx.oes.security.filter.JwtRequestFilter [http-nio-8080-exec-8] Validate the token
2021-11-04 23:34:42,145 INFO com.luongtx.oes.service.impl.CatalogueServiceImpl [http-nio-8080-exec-8] 0
2021-11-04 23:34:42,147 INFO com.luongtx.oes.service.impl.CatalogueServiceImpl [http-nio-8080-exec-8] 3
2021-11-04 23:34:42,149 INFO com.luongtx.oes.service.impl.CatalogueServiceImpl [http-nio-8080-exec-8] 0
2021-11-04 23:34:42,151 INFO com.luongtx.oes.service.impl.CatalogueServiceImpl [http-nio-8080-exec-8] 0
2021-11-04 23:34:42,153 INFO com.luongtx.oes.service.impl.CatalogueServiceImpl [http-nio-8080-exec-8] 3
2021-11-04 23:34:45,091 INFO com.luongtx.oes.security.filter.JwtRequestFilter [http-nio-8080-exec-3] admin
2021-11-04 23:34:45,092 INFO com.luongtx.oes.security.filter.JwtRequestFilter [http-nio-8080-exec-3] Validate the token
2021-11-04 23:34:45,103 INFO com.luongtx.oes.service.impl.CatalogueServiceImpl [http-nio-8080-exec-3] 0
2021-11-04 23:34:45,107 INFO com.luongtx.oes.service.impl.CatalogueServiceImpl [http-nio-8080-exec-3] 3
2021-11-04 23:34:45,109 INFO com.luongtx.oes.service.impl.CatalogueServiceImpl [http-nio-8080-exec-3] 0
2021-11-04 23:34:45,111 INFO com.luongtx.oes.service.impl.CatalogueServiceImpl [http-nio-8080-exec-3] 0
2021-11-04 23:34:45,113 INFO com.luongtx.oes.service.impl.CatalogueServiceImpl [http-nio-8080-exec-3] 3
2021-11-04 23:34:45,115 INFO com.luongtx.oes.service.impl.CatalogueServiceImpl [http-nio-8080-exec-3] 4
2021-11-04 23:34:45,120 INFO com.luongtx.oes.service.impl.CatalogueServiceImpl [http-nio-8080-exec-3] 3
2021-11-04 23:34:45,127 INFO com.luongtx.oes.security.filter.JwtRequestFilter [http-nio-8080-exec-2] admin
2021-11-04 23:34:45,127 INFO com.luongtx.oes.security.filter.JwtRequestFilter [http-nio-8080-exec-2] Validate the token
2021-11-04 23:35:11,896 INFO com.luongtx.oes.security.filter.JwtRequestFilter [http-nio-8080-exec-4] admin
2021-11-04 23:35:11,896 INFO com.luongtx.oes.security.filter.JwtRequestFilter [http-nio-8080-exec-4] Validate the token
2021-11-04 23:35:13,177 INFO com.luongtx.oes.security.filter.JwtRequestFilter [http-nio-8080-exec-6] admin
2021-11-04 23:35:13,177 INFO com.luongtx.oes.security.filter.JwtRequestFilter [http-nio-8080-exec-9] admin
2021-11-04 23:35:13,179 INFO com.luongtx.oes.security.filter.JwtRequestFilter [http-nio-8080-exec-6] Validate the token
2021-11-04 23:35:13,179 INFO com.luongtx.oes.security.filter.JwtRequestFilter [http-nio-8080-exec-9] Validate the token
2021-11-04 23:35:13,185 INFO com.luongtx.oes.security.filter.JwtRequestFilter [http-nio-8080-exec-10] admin
2021-11-04 23:35:13,185 INFO com.luongtx.oes.security.filter.JwtRequestFilter [http-nio-8080-exec-7] admin
2021-11-04 23:35:13,193 INFO com.luongtx.oes.security.filter.JwtRequestFilter [http-nio-8080-exec-7] Validate the token
2021-11-04 23:35:13,192 INFO com.luongtx.oes.security.filter.JwtRequestFilter [http-nio-8080-exec-8] admin
2021-11-04 23:35:13,193 INFO com.luongtx.oes.security.filter.JwtRequestFilter [http-nio-8080-exec-10] Validate the token
2021-11-04 23:35:13,196 INFO com.luongtx.oes.security.filter.JwtRequestFilter [http-nio-8080-exec-8] Validate the token
2021-11-04 23:35:13,216 INFO com.luongtx.oes.service.impl.CatalogueServiceImpl [http-nio-8080-exec-9] 0
2021-11-04 23:35:13,222 INFO com.luongtx.oes.service.impl.CatalogueServiceImpl [http-nio-8080-exec-6] 0
2021-11-04 23:35:13,229 INFO com.luongtx.oes.service.impl.CatalogueServiceImpl [http-nio-8080-exec-6] 3
2021-11-04 23:35:13,229 INFO com.luongtx.oes.service.impl.CatalogueServiceImpl [http-nio-8080-exec-9] 3
2021-11-04 23:35:13,232 INFO com.luongtx.oes.service.impl.CatalogueServiceImpl [http-nio-8080-exec-10] 0
2021-11-04 23:35:13,239 INFO com.luongtx.oes.service.impl.CatalogueServiceImpl [http-nio-8080-exec-6] 1
2021-11-04 23:35:13,242 INFO com.luongtx.oes.service.impl.CatalogueServiceImpl [http-nio-8080-exec-9] 1
2021-11-04 23:35:13,244 INFO com.luongtx.oes.service.impl.CatalogueServiceImpl [http-nio-8080-exec-10] 3
2021-11-04 23:35:13,247 INFO com.luongtx.oes.service.impl.CatalogueServiceImpl [http-nio-8080-exec-6] 0
2021-11-04 23:35:13,248 INFO com.luongtx.oes.service.impl.CatalogueServiceImpl [http-nio-8080-exec-9] 0
2021-11-04 23:35:13,249 INFO com.luongtx.oes.service.impl.CatalogueServiceImpl [http-nio-8080-exec-10] 1
2021-11-04 23:35:13,254 INFO com.luongtx.oes.service.impl.CatalogueServiceImpl [http-nio-8080-exec-6] 3
2021-11-04 23:35:13,255 INFO com.luongtx.oes.service.impl.CatalogueServiceImpl [http-nio-8080-exec-10] 0
2021-11-04 23:35:13,261 INFO com.luongtx.oes.service.impl.CatalogueServiceImpl [http-nio-8080-exec-9] 3
2021-11-04 23:35:13,264 INFO com.luongtx.oes.service.impl.CatalogueServiceImpl [http-nio-8080-exec-10] 3
2021-11-04 23:40:19,168 INFO com.luongtx.oes.security.filter.JwtRequestFilter [http-nio-8080-exec-7] admin
2021-11-04 23:40:19,170 INFO com.luongtx.oes.security.filter.JwtRequestFilter [http-nio-8080-exec-7] Validate the token
2021-11-04 23:40:19,182 INFO com.luongtx.oes.service.impl.CatalogueServiceImpl [http-nio-8080-exec-7] 0
2021-11-04 23:40:19,185 INFO com.luongtx.oes.service.impl.CatalogueServiceImpl [http-nio-8080-exec-7] 3
2021-11-04 23:40:19,188 INFO com.luongtx.oes.service.impl.CatalogueServiceImpl [http-nio-8080-exec-7] 1
2021-11-04 23:40:19,193 INFO com.luongtx.oes.service.impl.CatalogueServiceImpl [http-nio-8080-exec-7] 0
2021-11-04 23:40:19,201 INFO com.luongtx.oes.service.impl.CatalogueServiceImpl [http-nio-8080-exec-7] 3
2021-11-04 23:40:20,237 INFO com.luongtx.oes.security.filter.JwtRequestFilter [http-nio-8080-exec-8] admin
2021-11-04 23:40:20,237 INFO com.luongtx.oes.security.filter.JwtRequestFilter [http-nio-8080-exec-8] Validate the token
2021-11-04 23:40:20,258 INFO com.luongtx.oes.service.impl.ProfileServiceImpl [http-nio-8080-exec-8] Profile(id=3, fullName=Admin, gender=female, email=admin@gmail.com, phoneNo=123456, birthDay=2020-10-19, imageSrc=/mnt/storage/uploads/avatar_2x.png, user=com.luongtx.oes.entity.User@554cf3b4)
2021-11-04 23:43:32,539 INFO com.luongtx.oes.security.filter.JwtRequestFilter [http-nio-8080-exec-4] admin
2021-11-04 23:43:32,540 INFO com.luongtx.oes.security.filter.JwtRequestFilter [http-nio-8080-exec-4] Validate the token
2021-11-04 23:43:32,556 INFO com.luongtx.oes.service.impl.ProfileServiceImpl [http-nio-8080-exec-4] Profile(id=3, fullName=Admin, gender=female, email=admin@gmail.com, phoneNo=123456, birthDay=2020-10-19, imageSrc=/mnt/storage/uploads/avatar_2x.png, user=com.luongtx.oes.entity.User@5f3ac54c)
2021-11-04 23:43:40,075 INFO com.luongtx.oes.security.filter.JwtRequestFilter [http-nio-8080-exec-3] admin
2021-11-04 23:43:40,077 INFO com.luongtx.oes.security.filter.JwtRequestFilter [http-nio-8080-exec-3] Validate the token
2021-11-04 23:43:40,105 INFO com.luongtx.oes.service.impl.CatalogueServiceImpl [http-nio-8080-exec-3] 0
2021-11-04 23:43:40,111 INFO com.luongtx.oes.service.impl.CatalogueServiceImpl [http-nio-8080-exec-3] 3
2021-11-04 23:43:40,118 INFO com.luongtx.oes.service.impl.CatalogueServiceImpl [http-nio-8080-exec-3] 1
2021-11-04 23:43:40,121 INFO com.luongtx.oes.service.impl.CatalogueServiceImpl [http-nio-8080-exec-3] 0
2021-11-04 23:43:40,125 INFO com.luongtx.oes.service.impl.CatalogueServiceImpl [http-nio-8080-exec-3] 3
2021-11-04 23:43:43,591 INFO com.luongtx.oes.security.filter.JwtRequestFilter [http-nio-8080-exec-2] admin
2021-11-04 23:43:43,592 INFO com.luongtx.oes.security.filter.JwtRequestFilter [http-nio-8080-exec-2] Validate the token
2021-11-04 23:43:43,611 INFO com.luongtx.oes.service.impl.CatalogueServiceImpl [http-nio-8080-exec-2] 0
2021-11-04 23:43:43,613 INFO com.luongtx.oes.service.impl.CatalogueServiceImpl [http-nio-8080-exec-2] 3
2021-11-04 23:43:43,615 INFO com.luongtx.oes.service.impl.CatalogueServiceImpl [http-nio-8080-exec-2] 1
2021-11-04 23:43:43,617 INFO com.luongtx.oes.service.impl.CatalogueServiceImpl [http-nio-8080-exec-2] 0
2021-11-04 23:43:43,619 INFO com.luongtx.oes.service.impl.CatalogueServiceImpl [http-nio-8080-exec-2] 3
2021-11-04 23:43:43,622 INFO com.luongtx.oes.service.impl.CatalogueServiceImpl [http-nio-8080-exec-2] 4
2021-11-04 23:43:43,625 INFO com.luongtx.oes.service.impl.CatalogueServiceImpl [http-nio-8080-exec-2] 3
2021-11-04 23:43:43,638 INFO com.luongtx.oes.security.filter.JwtRequestFilter [http-nio-8080-exec-7] admin
2021-11-04 23:43:43,640 INFO com.luongtx.oes.security.filter.JwtRequestFilter [http-nio-8080-exec-7] Validate the token
2021-11-04 23:45:22,442 INFO com.luongtx.oes.security.filter.JwtRequestFilter [http-nio-8080-exec-6] admin
2021-11-04 23:45:22,443 INFO com.luongtx.oes.security.filter.JwtRequestFilter [http-nio-8080-exec-6] Validate the token
2021-11-04 23:45:22,478 INFO com.luongtx.oes.service.impl.CatalogueServiceImpl [http-nio-8080-exec-6] 0
2021-11-04 23:45:22,483 INFO com.luongtx.oes.service.impl.CatalogueServiceImpl [http-nio-8080-exec-6] 3
2021-11-04 23:45:22,486 INFO com.luongtx.oes.service.impl.CatalogueServiceImpl [http-nio-8080-exec-6] 1
2021-11-04 23:45:22,488 INFO com.luongtx.oes.service.impl.CatalogueServiceImpl [http-nio-8080-exec-6] 0
2021-11-04 23:45:22,490 INFO com.luongtx.oes.service.impl.CatalogueServiceImpl [http-nio-8080-exec-6] 3
2021-11-04 23:45:22,728 INFO com.luongtx.oes.security.filter.JwtRequestFilter [http-nio-8080-exec-10] admin
2021-11-04 23:45:22,729 INFO com.luongtx.oes.security.filter.JwtRequestFilter [http-nio-8080-exec-10] Validate the token
2021-11-04 23:45:22,769 INFO com.luongtx.oes.service.impl.ProfileServiceImpl [http-nio-8080-exec-10] Profile(id=3, fullName=Admin, gender=female, email=admin@gmail.com, phoneNo=123456, birthDay=2020-10-19, imageSrc=/mnt/storage/uploads/avatar_2x.png, user=com.luongtx.oes.entity.User@358c3b5a)
2021-11-04 23:45:26,631 INFO com.luongtx.oes.security.filter.JwtRequestFilter [http-nio-8080-exec-3] admin
2021-11-04 23:45:26,635 INFO com.luongtx.oes.security.filter.JwtRequestFilter [http-nio-8080-exec-3] Validate the token
2021-11-04 23:45:26,666 INFO com.luongtx.oes.service.impl.ProfileServiceImpl [http-nio-8080-exec-3] Profile(id=3, fullName=Admin, gender=female, email=admin@gmail.com, phoneNo=123456, birthDay=2020-10-19, imageSrc=/mnt/storage/uploads/avatar_2x.png, user=com.luongtx.oes.entity.User@71f1eba6)
2021-11-04 23:45:33,301 INFO com.luongtx.oes.security.filter.JwtRequestFilter [http-nio-8080-exec-5] admin
2021-11-04 23:45:33,302 INFO com.luongtx.oes.security.filter.JwtRequestFilter [http-nio-8080-exec-5] Validate the token
2021-11-04 23:45:33,319 INFO com.luongtx.oes.service.impl.CatalogueServiceImpl [http-nio-8080-exec-5] 0
2021-11-04 23:45:33,322 INFO com.luongtx.oes.service.impl.CatalogueServiceImpl [http-nio-8080-exec-5] 3
2021-11-04 23:45:33,327 INFO com.luongtx.oes.service.impl.CatalogueServiceImpl [http-nio-8080-exec-5] 1
2021-11-04 23:45:33,329 INFO com.luongtx.oes.service.impl.CatalogueServiceImpl [http-nio-8080-exec-5] 0
2021-11-04 23:45:33,334 INFO com.luongtx.oes.service.impl.CatalogueServiceImpl [http-nio-8080-exec-5] 3
2021-11-04 23:45:36,395 INFO com.luongtx.oes.security.filter.JwtRequestFilter [http-nio-8080-exec-2] admin
2021-11-04 23:45:36,396 INFO com.luongtx.oes.security.filter.JwtRequestFilter [http-nio-8080-exec-2] Validate the token
2021-11-04 23:45:36,418 INFO com.luongtx.oes.security.filter.JwtRequestFilter [http-nio-8080-exec-7] admin
2021-11-04 23:45:36,419 INFO com.luongtx.oes.security.filter.JwtRequestFilter [http-nio-8080-exec-7] Validate the token
2021-11-04 23:45:36,420 INFO com.luongtx.oes.service.impl.CatalogueServiceImpl [http-nio-8080-exec-2] 0
2021-11-04 23:45:36,425 INFO com.luongtx.oes.security.filter.JwtRequestFilter [http-nio-8080-exec-9] admin
2021-11-04 23:45:36,423 INFO com.luongtx.oes.service.impl.CatalogueServiceImpl [http-nio-8080-exec-2] 3
2021-11-04 23:45:36,427 INFO com.luongtx.oes.security.filter.JwtRequestFilter [http-nio-8080-exec-9] Validate the token
2021-11-04 23:45:36,428 INFO com.luongtx.oes.service.impl.CatalogueServiceImpl [http-nio-8080-exec-2] 1
2021-11-04 23:45:36,430 INFO com.luongtx.oes.service.impl.CatalogueServiceImpl [http-nio-8080-exec-2] 0
2021-11-04 23:45:36,432 INFO com.luongtx.oes.service.impl.CatalogueServiceImpl [http-nio-8080-exec-2] 3
2021-11-04 23:45:36,434 INFO com.luongtx.oes.service.impl.CatalogueServiceImpl [http-nio-8080-exec-2] 4
2021-11-04 23:45:36,436 INFO com.luongtx.oes.service.impl.CatalogueServiceImpl [http-nio-8080-exec-2] 3
2021-11-04 23:45:40,965 INFO com.luongtx.oes.security.filter.JwtRequestFilter [http-nio-8080-exec-8] admin
2021-11-04 23:45:40,966 INFO com.luongtx.oes.security.filter.JwtRequestFilter [http-nio-8080-exec-8] Validate the token
2021-11-04 23:45:44,035 INFO com.luongtx.oes.security.filter.JwtRequestFilter [http-nio-8080-exec-10] admin
2021-11-04 23:45:44,036 INFO com.luongtx.oes.security.filter.JwtRequestFilter [http-nio-8080-exec-10] Validate the token
2021-11-04 23:45:47,923 INFO com.luongtx.oes.security.filter.JwtRequestFilter [http-nio-8080-exec-1] admin
2021-11-04 23:45:47,923 INFO com.luongtx.oes.security.filter.JwtRequestFilter [http-nio-8080-exec-1] Validate the token
2021-11-04 23:45:52,797 INFO com.luongtx.oes.security.filter.JwtRequestFilter [http-nio-8080-exec-4] admin
2021-11-04 23:45:52,797 INFO com.luongtx.oes.security.filter.JwtRequestFilter [http-nio-8080-exec-4] Validate the token
2021-11-04 23:45:56,172 INFO com.luongtx.oes.security.filter.JwtRequestFilter [http-nio-8080-exec-5] admin
2021-11-04 23:45:56,175 INFO com.luongtx.oes.security.filter.JwtRequestFilter [http-nio-8080-exec-5] Validate the token
2021-11-04 23:46:14,273 INFO com.luongtx.oes.security.filter.JwtRequestFilter [http-nio-8080-exec-2] admin
2021-11-04 23:46:14,274 INFO com.luongtx.oes.security.filter.JwtRequestFilter [http-nio-8080-exec-2] Validate the token
2021-11-04 23:46:16,705 INFO com.luongtx.oes.security.filter.JwtRequestFilter [http-nio-8080-exec-7] admin
2021-11-04 23:46:16,706 INFO com.luongtx.oes.security.filter.JwtRequestFilter [http-nio-8080-exec-7] Validate the token
2021-11-04 23:46:20,482 INFO com.luongtx.oes.security.filter.JwtRequestFilter [http-nio-8080-exec-9] admin
2021-11-04 23:46:20,484 INFO com.luongtx.oes.security.filter.JwtRequestFilter [http-nio-8080-exec-9] Validate the token
2021-11-04 23:46:22,040 INFO com.luongtx.oes.security.filter.JwtRequestFilter [http-nio-8080-exec-8] admin
2021-11-04 23:46:22,041 INFO com.luongtx.oes.security.filter.JwtRequestFilter [http-nio-8080-exec-8] Validate the token
2021-11-04 23:46:33,076 INFO com.luongtx.oes.security.filter.JwtRequestFilter [http-nio-8080-exec-6] admin
2021-11-04 23:46:33,079 INFO com.luongtx.oes.security.filter.JwtRequestFilter [http-nio-8080-exec-6] Validate the token
2021-11-04 23:46:35,372 INFO com.luongtx.oes.security.filter.JwtRequestFilter [http-nio-8080-exec-10] admin
2021-11-04 23:46:35,374 INFO com.luongtx.oes.security.filter.JwtRequestFilter [http-nio-8080-exec-10] Validate the token
2021-11-04 23:46:46,363 INFO com.luongtx.oes.security.filter.JwtRequestFilter [http-nio-8080-exec-4] admin
2021-11-04 23:46:46,363 INFO com.luongtx.oes.security.filter.JwtRequestFilter [http-nio-8080-exec-4] Validate the token
2021-11-04 23:46:50,195 INFO com.luongtx.oes.security.filter.JwtRequestFilter [http-nio-8080-exec-5] admin
2021-11-04 23:46:50,196 INFO com.luongtx.oes.security.filter.JwtRequestFilter [http-nio-8080-exec-5] Validate the token
2021-11-04 23:46:58,636 INFO com.luongtx.oes.security.filter.JwtRequestFilter [http-nio-8080-exec-2] admin
2021-11-04 23:46:58,638 INFO com.luongtx.oes.security.filter.JwtRequestFilter [http-nio-8080-exec-2] Validate the token
2021-11-04 23:47:00,285 INFO com.luongtx.oes.security.filter.JwtRequestFilter [http-nio-8080-exec-7] admin
2021-11-04 23:47:00,286 INFO com.luongtx.oes.security.filter.JwtRequestFilter [http-nio-8080-exec-7] Validate the token
2021-11-04 23:47:01,987 INFO com.luongtx.oes.security.filter.JwtRequestFilter [http-nio-8080-exec-9] admin
2021-11-04 23:47:01,988 INFO com.luongtx.oes.security.filter.JwtRequestFilter [http-nio-8080-exec-9] Validate the token
2021-11-04 23:47:01,996 INFO com.luongtx.oes.service.impl.CatalogueServiceImpl [http-nio-8080-exec-9] 4
2021-11-04 23:47:01,998 INFO com.luongtx.oes.service.impl.CatalogueServiceImpl [http-nio-8080-exec-9] 3
2021-11-04 23:47:03,344 INFO com.luongtx.oes.security.filter.JwtRequestFilter [http-nio-8080-exec-6] admin
2021-11-04 23:47:03,353 INFO com.luongtx.oes.security.filter.JwtRequestFilter [http-nio-8080-exec-6] Validate the token
2021-11-04 23:47:25,463 INFO com.luongtx.oes.security.filter.JwtRequestFilter [http-nio-8080-exec-10] admin
2021-11-04 23:47:25,463 INFO com.luongtx.oes.security.filter.JwtRequestFilter [http-nio-8080-exec-10] Validate the token
2021-11-04 23:47:25,474 INFO com.luongtx.oes.service.impl.CatalogueServiceImpl [http-nio-8080-exec-10] 0
2021-11-04 23:47:25,476 INFO com.luongtx.oes.service.impl.CatalogueServiceImpl [http-nio-8080-exec-10] 3
2021-11-04 23:47:25,477 INFO com.luongtx.oes.service.impl.CatalogueServiceImpl [http-nio-8080-exec-10] 1
2021-11-04 23:47:25,479 INFO com.luongtx.oes.service.impl.CatalogueServiceImpl [http-nio-8080-exec-10] 0
2021-11-04 23:47:25,481 INFO com.luongtx.oes.service.impl.CatalogueServiceImpl [http-nio-8080-exec-10] 3
2021-11-04 23:47:27,855 INFO com.luongtx.oes.security.filter.JwtRequestFilter [http-nio-8080-exec-1] admin
2021-11-04 23:47:27,856 INFO com.luongtx.oes.security.filter.JwtRequestFilter [http-nio-8080-exec-1] Validate the token
2021-11-04 23:47:27,863 INFO com.luongtx.oes.service.impl.CatalogueServiceImpl [http-nio-8080-exec-1] 4
2021-11-04 23:47:27,866 INFO com.luongtx.oes.service.impl.CatalogueServiceImpl [http-nio-8080-exec-1] 3
2021-11-04 23:47:33,055 INFO com.luongtx.oes.security.filter.JwtRequestFilter [http-nio-8080-exec-3] admin
2021-11-04 23:47:33,056 INFO com.luongtx.oes.security.filter.JwtRequestFilter [http-nio-8080-exec-3] Validate the token
2021-11-04 23:47:33,074 INFO com.luongtx.oes.service.impl.CatalogueServiceImpl [http-nio-8080-exec-3] 0
2021-11-04 23:47:33,075 INFO com.luongtx.oes.service.impl.CatalogueServiceImpl [http-nio-8080-exec-3] 3
2021-11-04 23:47:33,077 INFO com.luongtx.oes.service.impl.CatalogueServiceImpl [http-nio-8080-exec-3] 1
2021-11-04 23:47:33,079 INFO com.luongtx.oes.service.impl.CatalogueServiceImpl [http-nio-8080-exec-3] 0
2021-11-04 23:47:33,081 INFO com.luongtx.oes.service.impl.CatalogueServiceImpl [http-nio-8080-exec-3] 3
2021-11-04 23:47:33,084 INFO com.luongtx.oes.service.impl.CatalogueServiceImpl [http-nio-8080-exec-3] 4
2021-11-04 23:47:33,087 INFO com.luongtx.oes.service.impl.CatalogueServiceImpl [http-nio-8080-exec-3] 3
2021-11-04 23:47:40,627 INFO com.luongtx.oes.security.filter.JwtRequestFilter [http-nio-8080-exec-5] admin
2021-11-04 23:47:40,627 INFO com.luongtx.oes.security.filter.JwtRequestFilter [http-nio-8080-exec-5] Validate the token
2021-11-04 23:47:40,670 INFO com.luongtx.oes.security.filter.JwtRequestFilter [http-nio-8080-exec-2] admin
2021-11-04 23:47:40,670 INFO com.luongtx.oes.security.filter.JwtRequestFilter [http-nio-8080-exec-2] Validate the token
2021-11-04 23:47:40,681 INFO com.luongtx.oes.service.impl.CatalogueServiceImpl [http-nio-8080-exec-2] 4
2021-11-04 23:47:40,684 INFO com.luongtx.oes.service.impl.CatalogueServiceImpl [http-nio-8080-exec-2] 3
2021-11-04 23:47:40,686 INFO com.luongtx.oes.service.impl.CatalogueServiceImpl [http-nio-8080-exec-2] 0
2021-11-04 23:47:40,688 INFO com.luongtx.oes.security.filter.JwtRequestFilter [http-nio-8080-exec-7] admin
2021-11-04 23:47:40,689 INFO com.luongtx.oes.security.filter.JwtRequestFilter [http-nio-8080-exec-7] Validate the token
2021-11-04 23:47:56,923 INFO com.luongtx.oes.security.filter.JwtRequestFilter [http-nio-8080-exec-9] admin
2021-11-04 23:47:56,924 INFO com.luongtx.oes.security.filter.JwtRequestFilter [http-nio-8080-exec-9] Validate the token
2021-11-04 23:47:56,937 INFO com.luongtx.oes.service.impl.CatalogueServiceImpl [http-nio-8080-exec-9] 0
2021-11-04 23:47:56,940 INFO com.luongtx.oes.service.impl.CatalogueServiceImpl [http-nio-8080-exec-9] 3
2021-11-04 23:47:56,942 INFO com.luongtx.oes.service.impl.CatalogueServiceImpl [http-nio-8080-exec-9] 1
2021-11-04 23:47:56,944 INFO com.luongtx.oes.service.impl.CatalogueServiceImpl [http-nio-8080-exec-9] 0
2021-11-04 23:47:56,945 INFO com.luongtx.oes.service.impl.CatalogueServiceImpl [http-nio-8080-exec-9] 3
2021-11-04 23:47:56,948 INFO com.luongtx.oes.service.impl.CatalogueServiceImpl [http-nio-8080-exec-9] 4
2021-11-04 23:47:56,950 INFO com.luongtx.oes.service.impl.CatalogueServiceImpl [http-nio-8080-exec-9] 3
2021-11-04 23:47:56,951 INFO com.luongtx.oes.service.impl.CatalogueServiceImpl [http-nio-8080-exec-9] 0
2021-11-04 23:48:02,400 INFO com.luongtx.oes.security.filter.JwtRequestFilter [http-nio-8080-exec-8] admin
2021-11-04 23:48:02,400 INFO com.luongtx.oes.security.filter.JwtRequestFilter [http-nio-8080-exec-8] Validate the token
2021-11-04 23:48:02,480 INFO com.luongtx.oes.security.filter.JwtRequestFilter [http-nio-8080-exec-6] admin
2021-11-04 23:48:02,481 INFO com.luongtx.oes.security.filter.JwtRequestFilter [http-nio-8080-exec-6] Validate the token
2021-11-04 23:48:02,494 INFO com.luongtx.oes.service.impl.CatalogueServiceImpl [http-nio-8080-exec-6] 4
2021-11-04 23:48:02,496 INFO com.luongtx.oes.service.impl.CatalogueServiceImpl [http-nio-8080-exec-6] 3
2021-11-04 23:48:02,499 INFO com.luongtx.oes.service.impl.CatalogueServiceImpl [http-nio-8080-exec-6] 0
2021-11-04 23:48:02,502 INFO com.luongtx.oes.service.impl.CatalogueServiceImpl [http-nio-8080-exec-6] 0
2021-11-04 23:48:02,530 INFO com.luongtx.oes.security.filter.JwtRequestFilter [http-nio-8080-exec-10] admin
2021-11-04 23:48:02,530 INFO com.luongtx.oes.security.filter.JwtRequestFilter [http-nio-8080-exec-10] Validate the token
2021-11-04 23:48:13,471 INFO com.luongtx.oes.security.filter.JwtRequestFilter [http-nio-8080-exec-4] admin
2021-11-04 23:48:13,471 INFO com.luongtx.oes.security.filter.JwtRequestFilter [http-nio-8080-exec-4] Validate the token
2021-11-04 23:48:13,472 INFO com.luongtx.oes.security.filter.JwtRequestFilter [http-nio-8080-exec-5] admin
2021-11-04 23:48:13,474 INFO com.luongtx.oes.security.filter.JwtRequestFilter [http-nio-8080-exec-5] Validate the token
2021-11-04 23:48:28,299 INFO com.luongtx.oes.security.filter.JwtRequestFilter [http-nio-8080-exec-7] admin
2021-11-04 23:48:28,300 INFO com.luongtx.oes.security.filter.JwtRequestFilter [http-nio-8080-exec-7] Validate the token
2021-11-04 23:48:29,460 INFO com.luongtx.oes.security.filter.JwtRequestFilter [http-nio-8080-exec-9] admin
2021-11-04 23:48:29,461 INFO com.luongtx.oes.security.filter.JwtRequestFilter [http-nio-8080-exec-9] Validate the token
2021-11-04 23:48:29,477 INFO com.luongtx.oes.security.filter.JwtRequestFilter [http-nio-8080-exec-8] admin
2021-11-04 23:48:29,478 INFO com.luongtx.oes.security.filter.JwtRequestFilter [http-nio-8080-exec-8] Validate the token
2021-11-04 23:48:29,486 INFO com.luongtx.oes.security.filter.JwtRequestFilter [http-nio-8080-exec-6] admin
2021-11-04 23:48:29,487 INFO com.luongtx.oes.security.filter.JwtRequestFilter [http-nio-8080-exec-6] Validate the token
2021-11-04 23:48:29,487 INFO com.luongtx.oes.service.impl.CatalogueServiceImpl [http-nio-8080-exec-9] 4
2021-11-04 23:48:29,495 INFO com.luongtx.oes.service.impl.CatalogueServiceImpl [http-nio-8080-exec-9] 3
2021-11-04 23:48:29,509 INFO com.luongtx.oes.service.impl.CatalogueServiceImpl [http-nio-8080-exec-9] 1
2021-11-04 23:48:29,513 INFO com.luongtx.oes.service.impl.CatalogueServiceImpl [http-nio-8080-exec-9] 1
2021-11-04 23:48:38,730 INFO com.luongtx.oes.security.filter.JwtRequestFilter [http-nio-8080-exec-3] admin
2021-11-04 23:48:38,731 INFO com.luongtx.oes.security.filter.JwtRequestFilter [http-nio-8080-exec-3] Validate the token
2021-11-04 23:48:45,160 INFO com.luongtx.oes.security.filter.JwtRequestFilter [http-nio-8080-exec-4] admin
2021-11-04 23:48:45,160 INFO com.luongtx.oes.security.filter.JwtRequestFilter [http-nio-8080-exec-4] Validate the token
