2021-10-19 09:38:18,429 INFO org.springframework.boot.StartupInfoLogger [main] Starting OnlineExaminationSystemApplication using Java 1.8.0_292 on thinkpad with PID 91498 (/mnt/storage/Project/online-examination-system/target/classes started by luongtx in /mnt/storage/Project/online-examination-system)
2021-10-19 09:38:18,432 DEBUG org.springframework.boot.StartupInfoLogger [main] Running with Spring Boot v2.5.5, Spring v5.3.10
2021-10-19 09:38:18,432 INFO org.springframework.boot.SpringApplication [main] No active profile set, falling back to default profiles: default
2021-10-19 09:38:24,335 DEBUG org.springframework.web.filter.GenericFilterBean [main] Filter 'jwtRequestFilter' configured for use
2021-10-19 09:38:26,684 INFO org.springframework.boot.StartupInfoLogger [main] Started OnlineExaminationSystemApplication in 9.025 seconds (JVM running for 14.339)
2021-10-19 09:40:16,600 ERROR com.luongtx.oes.security.filter.JwtRequestFilter [http-nio-8080-exec-2] JWT Token has expired
2021-10-19 09:40:16,600 ERROR com.luongtx.oes.security.filter.JwtRequestFilter [http-nio-8080-exec-4] JWT Token has expired
2021-10-19 09:40:37,860 ERROR com.luongtx.oes.security.filter.JwtRequestFilter [http-nio-8080-exec-6] JWT Token does not begin with Bearer String
2021-10-19 09:40:38,273 INFO com.luongtx.oes.service.impl.AuthenticationServiceImpl [http-nio-8080-exec-6] [ROLE_ADMIN]
2021-10-19 09:40:38,317 INFO com.luongtx.oes.security.filter.JwtRequestFilter [http-nio-8080-exec-7] admin
2021-10-19 09:40:38,318 INFO com.luongtx.oes.security.filter.JwtRequestFilter [http-nio-8080-exec-7] Validate the token
2021-10-19 09:40:38,344 INFO com.luongtx.oes.security.filter.JwtRequestFilter [http-nio-8080-exec-8] admin
2021-10-19 09:40:38,348 INFO com.luongtx.oes.security.filter.JwtRequestFilter [http-nio-8080-exec-8] Validate the token
2021-10-19 09:40:38,394 INFO com.luongtx.oes.service.impl.ProfileServiceImpl [http-nio-8080-exec-7] Profile(id=3, fullName=Admin, gender=female, email=admin@gmail.com, phoneNo=123456, birthDay=2020-10-19, imageSrc=/mnt/storage/uploads/avatar3.jpg, user=com.luongtx.oes.entity.User@74a2707d)
2021-10-19 09:40:44,991 INFO com.luongtx.oes.security.filter.JwtRequestFilter [http-nio-8080-exec-9] admin
2021-10-19 09:40:44,994 INFO com.luongtx.oes.security.filter.JwtRequestFilter [http-nio-8080-exec-9] Validate the token
2021-10-19 09:40:45,014 INFO com.luongtx.oes.service.impl.ProfileServiceImpl [http-nio-8080-exec-9] Profile(id=3, fullName=Admin, gender=female, email=admin@gmail.com, phoneNo=123456, birthDay=2020-10-19, imageSrc=/mnt/storage/uploads/avatar3.jpg, user=com.luongtx.oes.entity.User@2033a338)
2021-10-19 09:40:49,652 INFO com.luongtx.oes.security.filter.JwtRequestFilter [http-nio-8080-exec-1] admin
2021-10-19 09:40:49,653 INFO com.luongtx.oes.security.filter.JwtRequestFilter [http-nio-8080-exec-1] Validate the token
2021-10-19 09:40:49,685 INFO com.luongtx.oes.service.impl.ExamServiceImpl [http-nio-8080-exec-1] []
2021-10-19 09:40:52,321 INFO com.luongtx.oes.security.filter.JwtRequestFilter [http-nio-8080-exec-3] admin
2021-10-19 09:40:52,324 INFO com.luongtx.oes.security.filter.JwtRequestFilter [http-nio-8080-exec-3] Validate the token
2021-10-19 09:40:52,341 INFO com.luongtx.oes.service.impl.ProfileServiceImpl [http-nio-8080-exec-3] Profile(id=3, fullName=Admin, gender=female, email=admin@gmail.com, phoneNo=123456, birthDay=2020-10-19, imageSrc=/mnt/storage/uploads/avatar3.jpg, user=com.luongtx.oes.entity.User@28a8bc36)
2021-10-19 09:56:12,823 INFO com.luongtx.oes.security.filter.JwtRequestFilter [http-nio-8080-exec-5] admin
2021-10-19 09:56:12,824 INFO com.luongtx.oes.security.filter.JwtRequestFilter [http-nio-8080-exec-5] Validate the token
2021-10-19 09:56:12,872 INFO com.luongtx.oes.service.impl.ProfileServiceImpl [http-nio-8080-exec-5] Profile(id=3, fullName=Admin, gender=female, email=admin@gmail.com, phoneNo=123456, birthDay=2020-10-19, imageSrc=/mnt/storage/uploads/avatar3.jpg, user=com.luongtx.oes.entity.User@154a7f18)
2021-10-19 09:56:13,672 INFO com.luongtx.oes.security.filter.JwtRequestFilter [http-nio-8080-exec-6] admin
2021-10-19 09:56:13,673 INFO com.luongtx.oes.security.filter.JwtRequestFilter [http-nio-8080-exec-6] Validate the token
2021-10-19 09:56:13,691 INFO com.luongtx.oes.service.impl.ProfileServiceImpl [http-nio-8080-exec-6] Profile(id=3, fullName=Admin, gender=female, email=admin@gmail.com, phoneNo=123456, birthDay=2020-10-19, imageSrc=/mnt/storage/uploads/avatar3.jpg, user=com.luongtx.oes.entity.User@38c75d18)
2021-10-19 09:56:18,724 INFO com.luongtx.oes.security.filter.JwtRequestFilter [http-nio-8080-exec-8] admin
2021-10-19 09:56:18,731 INFO com.luongtx.oes.security.filter.JwtRequestFilter [http-nio-8080-exec-8] Validate the token
2021-10-19 09:56:19,405 INFO com.luongtx.oes.security.filter.JwtRequestFilter [http-nio-8080-exec-7] admin
2021-10-19 09:56:19,407 INFO com.luongtx.oes.security.filter.JwtRequestFilter [http-nio-8080-exec-7] Validate the token
2021-10-19 09:56:19,438 INFO com.luongtx.oes.service.impl.ProfileServiceImpl [http-nio-8080-exec-7] Profile(id=3, fullName=Admin, gender=female, email=admin@gmail.com, phoneNo=123456, birthDay=2020-10-19, imageSrc=/mnt/storage/uploads/avatar3.jpg, user=com.luongtx.oes.entity.User@c8385c8)
2021-10-19 09:56:30,529 INFO com.luongtx.oes.security.filter.JwtRequestFilter [http-nio-8080-exec-9] admin
2021-10-19 09:56:30,530 INFO com.luongtx.oes.security.filter.JwtRequestFilter [http-nio-8080-exec-9] Validate the token
2021-10-19 09:56:30,556 INFO com.luongtx.oes.service.impl.ProfileServiceImpl [http-nio-8080-exec-9] Profile(id=3, fullName=Admin, gender=female, email=admin@gmail.com, phoneNo=123456, birthDay=2020-10-19, imageSrc=/mnt/storage/uploads/avatar3.jpg, user=com.luongtx.oes.entity.User@38e7d72b)
2021-10-19 09:56:34,138 INFO com.luongtx.oes.security.filter.JwtRequestFilter [http-nio-8080-exec-10] admin
2021-10-19 09:56:34,140 INFO com.luongtx.oes.security.filter.JwtRequestFilter [http-nio-8080-exec-10] Validate the token
2021-10-19 09:56:35,000 INFO com.luongtx.oes.security.filter.JwtRequestFilter [http-nio-8080-exec-1] admin
2021-10-19 09:56:35,001 INFO com.luongtx.oes.security.filter.JwtRequestFilter [http-nio-8080-exec-1] Validate the token
2021-10-19 09:56:35,022 INFO com.luongtx.oes.service.impl.ExamServiceImpl [http-nio-8080-exec-1] []
2021-10-19 09:56:57,785 ERROR com.luongtx.oes.security.filter.JwtRequestFilter [http-nio-8080-exec-3] JWT Token does not begin with Bearer String
2021-10-19 09:56:57,909 INFO com.luongtx.oes.service.impl.AuthenticationServiceImpl [http-nio-8080-exec-3] [ROLE_USER]
2021-10-19 09:56:57,930 INFO com.luongtx.oes.security.filter.JwtRequestFilter [http-nio-8080-exec-4] user
2021-10-19 09:56:57,930 INFO com.luongtx.oes.security.filter.JwtRequestFilter [http-nio-8080-exec-4] Validate the token
2021-10-19 09:56:57,959 INFO com.luongtx.oes.service.impl.ProfileServiceImpl [http-nio-8080-exec-4] Profile(id=4, fullName=Luong Xuan Tran, gender=male, email=luongtx@gmail.com, phoneNo=0123456, birthDay=2020-10-10, imageSrc=/mnt/storage/uploads/avatar4.jpg, user=com.luongtx.oes.entity.User@68facaf0)
2021-10-19 09:56:58,018 INFO com.luongtx.oes.security.filter.JwtRequestFilter [http-nio-8080-exec-2] user
2021-10-19 09:56:58,020 INFO com.luongtx.oes.security.filter.JwtRequestFilter [http-nio-8080-exec-2] Validate the token
2021-10-19 09:57:08,519 INFO com.luongtx.oes.security.filter.JwtRequestFilter [http-nio-8080-exec-5] user
2021-10-19 09:57:08,527 INFO com.luongtx.oes.security.filter.JwtRequestFilter [http-nio-8080-exec-5] Validate the token
2021-10-19 09:57:08,549 INFO com.luongtx.oes.service.impl.ProfileServiceImpl [http-nio-8080-exec-5] Profile(id=4, fullName=Luong Xuan Tran, gender=male, email=luongtx@gmail.com, phoneNo=0123456, birthDay=2020-10-10, imageSrc=/mnt/storage/uploads/avatar4.jpg, user=com.luongtx.oes.entity.User@79b6f260)
2021-10-19 09:57:11,420 INFO com.luongtx.oes.security.filter.JwtRequestFilter [http-nio-8080-exec-6] user
2021-10-19 09:57:11,421 INFO com.luongtx.oes.security.filter.JwtRequestFilter [http-nio-8080-exec-6] Validate the token
2021-10-19 09:57:12,574 INFO com.luongtx.oes.security.filter.JwtRequestFilter [http-nio-8080-exec-8] user
2021-10-19 09:57:12,576 INFO com.luongtx.oes.security.filter.JwtRequestFilter [http-nio-8080-exec-8] Validate the token
2021-10-19 09:57:12,606 INFO com.luongtx.oes.service.impl.ExamServiceImpl [http-nio-8080-exec-8] [UserExam(id=2, userId=4, examId=1, regDate=2021-10-17T21:03:23, score=100, status=true), UserExam(id=1, userId=4, examId=1, regDate=2021-10-17T21:03:10, score=50, status=false)]
2021-10-19 09:57:12,637 INFO com.luongtx.oes.service.impl.ExamServiceImpl [http-nio-8080-exec-8] ExamResultDTO(examId=1, title=Oracle Certificate Associate JavaSE 8, description=Oracle Certification for JavaSE 8 Developer entry level, score=100, passingScore=65, status=true, finishedAt=2021-10-17T21:03:23)
2021-10-19 09:57:12,643 INFO com.luongtx.oes.service.impl.ExamServiceImpl [http-nio-8080-exec-8] ExamResultDTO(examId=1, title=Oracle Certificate Associate JavaSE 8, description=Oracle Certification for JavaSE 8 Developer entry level, score=50, passingScore=65, status=false, finishedAt=2021-10-17T21:03:10)
2021-10-19 09:57:41,886 INFO com.luongtx.oes.security.filter.JwtRequestFilter [http-nio-8080-exec-7] user
2021-10-19 09:57:41,887 INFO com.luongtx.oes.security.filter.JwtRequestFilter [http-nio-8080-exec-7] Validate the token
2021-10-19 09:57:41,934 INFO com.luongtx.oes.service.impl.ExamServiceImpl [http-nio-8080-exec-7] [UserExam(id=2, userId=4, examId=1, regDate=2021-10-17T21:03:23, score=100, status=true), UserExam(id=1, userId=4, examId=1, regDate=2021-10-17T21:03:10, score=50, status=false)]
2021-10-19 09:57:41,949 INFO com.luongtx.oes.service.impl.ExamServiceImpl [http-nio-8080-exec-7] ExamResultDTO(examId=1, title=Oracle Certificate Associate JavaSE 8, description=Oracle Certification for JavaSE 8 Developer entry level, score=100, passingScore=65, status=true, finishedAt=2021-10-17T21:03:23)
2021-10-19 09:57:41,952 INFO com.luongtx.oes.service.impl.ExamServiceImpl [http-nio-8080-exec-7] ExamResultDTO(examId=1, title=Oracle Certificate Associate JavaSE 8, description=Oracle Certification for JavaSE 8 Developer entry level, score=50, passingScore=65, status=false, finishedAt=2021-10-17T21:03:10)
2021-10-19 09:57:42,245 INFO com.luongtx.oes.security.filter.JwtRequestFilter [http-nio-8080-exec-9] user
2021-10-19 09:57:42,247 INFO com.luongtx.oes.security.filter.JwtRequestFilter [http-nio-8080-exec-9] Validate the token
2021-10-19 09:57:42,275 INFO com.luongtx.oes.service.impl.ProfileServiceImpl [http-nio-8080-exec-9] Profile(id=4, fullName=Luong Xuan Tran, gender=male, email=luongtx@gmail.com, phoneNo=0123456, birthDay=2020-10-10, imageSrc=/mnt/storage/uploads/avatar4.jpg, user=com.luongtx.oes.entity.User@11e398c5)
2021-10-19 09:58:04,094 INFO com.luongtx.oes.security.filter.JwtRequestFilter [http-nio-8080-exec-1] user
2021-10-19 09:58:04,096 INFO com.luongtx.oes.security.filter.JwtRequestFilter [http-nio-8080-exec-1] Validate the token
2021-10-19 09:58:04,117 INFO com.luongtx.oes.service.impl.ExamServiceImpl [http-nio-8080-exec-1] [UserExam(id=2, userId=4, examId=1, regDate=2021-10-17T21:03:23, score=100, status=true), UserExam(id=1, userId=4, examId=1, regDate=2021-10-17T21:03:10, score=50, status=false)]
2021-10-19 09:58:04,122 INFO com.luongtx.oes.service.impl.ExamServiceImpl [http-nio-8080-exec-1] ExamResultDTO(examId=1, title=Oracle Certificate Associate JavaSE 8, description=Oracle Certification for JavaSE 8 Developer entry level, score=100, passingScore=65, status=true, finishedAt=2021-10-17T21:03:23)
2021-10-19 09:58:04,125 INFO com.luongtx.oes.service.impl.ExamServiceImpl [http-nio-8080-exec-1] ExamResultDTO(examId=1, title=Oracle Certificate Associate JavaSE 8, description=Oracle Certification for JavaSE 8 Developer entry level, score=50, passingScore=65, status=false, finishedAt=2021-10-17T21:03:10)
2021-10-19 09:58:07,525 INFO com.luongtx.oes.security.filter.JwtRequestFilter [http-nio-8080-exec-2] user
2021-10-19 09:58:07,526 INFO com.luongtx.oes.security.filter.JwtRequestFilter [http-nio-8080-exec-2] Validate the token
2021-10-19 09:58:07,584 INFO com.luongtx.oes.security.filter.JwtRequestFilter [http-nio-8080-exec-5] user
2021-10-19 09:58:07,585 INFO com.luongtx.oes.security.filter.JwtRequestFilter [http-nio-8080-exec-5] Validate the token
2021-10-19 09:58:28,754 INFO com.luongtx.oes.security.filter.JwtRequestFilter [http-nio-8080-exec-6] user
2021-10-19 09:58:28,754 INFO com.luongtx.oes.security.filter.JwtRequestFilter [http-nio-8080-exec-6] Validate the token
2021-10-19 09:58:32,753 INFO com.luongtx.oes.security.filter.JwtRequestFilter [http-nio-8080-exec-8] user
2021-10-19 09:58:32,755 INFO com.luongtx.oes.security.filter.JwtRequestFilter [http-nio-8080-exec-8] Validate the token
2021-10-19 09:58:32,814 INFO com.luongtx.oes.security.filter.JwtRequestFilter [http-nio-8080-exec-7] user
2021-10-19 09:58:32,814 INFO com.luongtx.oes.security.filter.JwtRequestFilter [http-nio-8080-exec-7] Validate the token
2021-10-19 09:58:46,898 INFO com.luongtx.oes.security.filter.JwtRequestFilter [http-nio-8080-exec-9] user
2021-10-19 09:58:46,899 INFO com.luongtx.oes.security.filter.JwtRequestFilter [http-nio-8080-exec-9] Validate the token
2021-10-19 10:10:11,570 INFO com.luongtx.oes.security.filter.JwtRequestFilter [http-nio-8080-exec-3] user
2021-10-19 10:10:11,571 INFO com.luongtx.oes.security.filter.JwtRequestFilter [http-nio-8080-exec-3] Validate the token
2021-10-19 10:10:12,417 INFO com.luongtx.oes.security.filter.JwtRequestFilter [http-nio-8080-exec-2] user
2021-10-19 10:10:12,418 INFO com.luongtx.oes.security.filter.JwtRequestFilter [http-nio-8080-exec-2] Validate the token
2021-10-19 10:10:12,433 INFO com.luongtx.oes.service.impl.ProfileServiceImpl [http-nio-8080-exec-2] Profile(id=4, fullName=Luong Xuan Tran, gender=male, email=luongtx@gmail.com, phoneNo=0123456, birthDay=2020-10-10, imageSrc=/mnt/storage/uploads/avatar4.jpg, user=com.luongtx.oes.entity.User@7c2aa9bf)
2021-10-19 10:10:15,538 INFO com.luongtx.oes.security.filter.JwtRequestFilter [http-nio-8080-exec-4] user
2021-10-19 10:10:15,539 INFO com.luongtx.oes.security.filter.JwtRequestFilter [http-nio-8080-exec-4] Validate the token
2021-10-19 10:10:15,585 INFO com.luongtx.oes.security.filter.JwtRequestFilter [http-nio-8080-exec-5] user
2021-10-19 10:10:15,586 INFO com.luongtx.oes.security.filter.JwtRequestFilter [http-nio-8080-exec-5] Validate the token
2021-10-19 10:11:49,776 INFO com.luongtx.oes.security.filter.JwtRequestFilter [http-nio-8080-exec-8] user
2021-10-19 10:11:49,778 INFO com.luongtx.oes.security.filter.JwtRequestFilter [http-nio-8080-exec-8] Validate the token
2021-10-19 10:11:49,947 INFO com.luongtx.oes.security.filter.JwtRequestFilter [http-nio-8080-exec-7] user
2021-10-19 10:11:49,949 INFO com.luongtx.oes.security.filter.JwtRequestFilter [http-nio-8080-exec-7] Validate the token
2021-10-19 10:11:50,200 INFO com.luongtx.oes.security.filter.JwtRequestFilter [http-nio-8080-exec-10] user
2021-10-19 10:11:50,202 INFO com.luongtx.oes.security.filter.JwtRequestFilter [http-nio-8080-exec-10] Validate the token
2021-10-19 10:11:50,230 INFO com.luongtx.oes.service.impl.ProfileServiceImpl [http-nio-8080-exec-10] Profile(id=4, fullName=Luong Xuan Tran, gender=male, email=luongtx@gmail.com, phoneNo=0123456, birthDay=2020-10-10, imageSrc=/mnt/storage/uploads/avatar4.jpg, user=com.luongtx.oes.entity.User@1f38ca53)
2021-10-19 10:11:54,418 INFO com.luongtx.oes.security.filter.JwtRequestFilter [http-nio-8080-exec-1] user
2021-10-19 10:11:54,419 INFO com.luongtx.oes.security.filter.JwtRequestFilter [http-nio-8080-exec-1] Validate the token
2021-10-19 10:11:54,524 INFO com.luongtx.oes.security.filter.JwtRequestFilter [http-nio-8080-exec-3] user
2021-10-19 10:11:54,526 INFO com.luongtx.oes.security.filter.JwtRequestFilter [http-nio-8080-exec-3] Validate the token
2021-10-19 10:11:54,821 INFO com.luongtx.oes.security.filter.JwtRequestFilter [http-nio-8080-exec-2] user
2021-10-19 10:11:54,822 INFO com.luongtx.oes.security.filter.JwtRequestFilter [http-nio-8080-exec-2] Validate the token
2021-10-19 10:11:54,838 INFO com.luongtx.oes.service.impl.ProfileServiceImpl [http-nio-8080-exec-2] Profile(id=4, fullName=Luong Xuan Tran, gender=male, email=luongtx@gmail.com, phoneNo=0123456, birthDay=2020-10-10, imageSrc=/mnt/storage/uploads/avatar4.jpg, user=com.luongtx.oes.entity.User@2fba6166)
2021-10-19 10:18:26,484 INFO com.luongtx.oes.security.filter.JwtRequestFilter [http-nio-8080-exec-5] user
2021-10-19 10:18:26,485 INFO com.luongtx.oes.security.filter.JwtRequestFilter [http-nio-8080-exec-5] Validate the token
2021-10-19 10:18:26,629 INFO com.luongtx.oes.security.filter.JwtRequestFilter [http-nio-8080-exec-6] user
2021-10-19 10:18:26,630 INFO com.luongtx.oes.security.filter.JwtRequestFilter [http-nio-8080-exec-6] Validate the token
2021-10-19 10:18:26,887 INFO com.luongtx.oes.security.filter.JwtRequestFilter [http-nio-8080-exec-8] user
2021-10-19 10:18:26,888 INFO com.luongtx.oes.security.filter.JwtRequestFilter [http-nio-8080-exec-8] Validate the token
2021-10-19 10:18:26,902 INFO com.luongtx.oes.service.impl.ProfileServiceImpl [http-nio-8080-exec-8] Profile(id=4, fullName=Luong Xuan Tran, gender=male, email=luongtx@gmail.com, phoneNo=0123456, birthDay=2020-10-10, imageSrc=/mnt/storage/uploads/avatar4.jpg, user=com.luongtx.oes.entity.User@712631f0)
2021-10-19 10:18:31,649 INFO com.luongtx.oes.security.filter.JwtRequestFilter [http-nio-8080-exec-9] user
2021-10-19 10:18:31,653 INFO com.luongtx.oes.security.filter.JwtRequestFilter [http-nio-8080-exec-9] Validate the token
2021-10-19 10:18:31,690 INFO com.luongtx.oes.service.impl.ExamServiceImpl [http-nio-8080-exec-9] ExamResultDTO(examId=null, title=null, description=null, score=50, passingScore=65, status=false, finishedAt=2021-10-19T10:18:31.690)
2021-10-19 10:18:31,718 INFO com.luongtx.oes.service.impl.ExamServiceImpl [http-nio-8080-exec-9] com.luongtx.oes.entity.User@39986ab8
2021-10-19 10:18:36,388 INFO com.luongtx.oes.security.filter.JwtRequestFilter [http-nio-8080-exec-10] user
2021-10-19 10:18:36,388 INFO com.luongtx.oes.security.filter.JwtRequestFilter [http-nio-8080-exec-10] Validate the token
2021-10-19 10:18:36,418 INFO com.luongtx.oes.security.filter.JwtRequestFilter [http-nio-8080-exec-1] user
2021-10-19 10:18:36,419 INFO com.luongtx.oes.security.filter.JwtRequestFilter [http-nio-8080-exec-1] Validate the token
2021-10-19 10:18:41,498 INFO com.luongtx.oes.security.filter.JwtRequestFilter [http-nio-8080-exec-3] user
2021-10-19 10:18:41,499 INFO com.luongtx.oes.security.filter.JwtRequestFilter [http-nio-8080-exec-3] Validate the token
2021-10-19 10:18:41,530 INFO com.luongtx.oes.service.impl.ExamServiceImpl [http-nio-8080-exec-3] ExamResultDTO(examId=null, title=null, description=null, score=100, passingScore=65, status=true, finishedAt=2021-10-19T10:18:41.530)
2021-10-19 10:18:41,553 INFO com.luongtx.oes.service.impl.ExamServiceImpl [http-nio-8080-exec-3] com.luongtx.oes.entity.User@23a39a0e
2021-10-19 10:18:44,868 INFO com.luongtx.oes.security.filter.JwtRequestFilter [http-nio-8080-exec-4] user
2021-10-19 10:18:44,869 INFO com.luongtx.oes.security.filter.JwtRequestFilter [http-nio-8080-exec-4] Validate the token
2021-10-19 10:18:44,885 INFO com.luongtx.oes.service.impl.ExamServiceImpl [http-nio-8080-exec-4] [UserExam(id=4, userId=4, examId=1, regDate=2021-10-19T10:18:41, score=100, status=true), UserExam(id=3, userId=4, examId=1, regDate=2021-10-19T10:18:31, score=50, status=false), UserExam(id=2, userId=4, examId=1, regDate=2021-10-17T21:03:23, score=100, status=true), UserExam(id=1, userId=4, examId=1, regDate=2021-10-17T21:03:10, score=50, status=false)]
2021-10-19 10:18:44,888 INFO com.luongtx.oes.service.impl.ExamServiceImpl [http-nio-8080-exec-4] ExamResultDTO(examId=1, title=Oracle Certificate Associate JavaSE 8, description=Oracle Certification for JavaSE 8 Developer entry level, score=100, passingScore=65, status=true, finishedAt=2021-10-19T10:18:41)
2021-10-19 10:18:44,891 INFO com.luongtx.oes.service.impl.ExamServiceImpl [http-nio-8080-exec-4] ExamResultDTO(examId=1, title=Oracle Certificate Associate JavaSE 8, description=Oracle Certification for JavaSE 8 Developer entry level, score=50, passingScore=65, status=false, finishedAt=2021-10-19T10:18:31)
2021-10-19 10:18:44,894 INFO com.luongtx.oes.service.impl.ExamServiceImpl [http-nio-8080-exec-4] ExamResultDTO(examId=1, title=Oracle Certificate Associate JavaSE 8, description=Oracle Certification for JavaSE 8 Developer entry level, score=100, passingScore=65, status=true, finishedAt=2021-10-17T21:03:23)
2021-10-19 10:18:44,896 INFO com.luongtx.oes.service.impl.ExamServiceImpl [http-nio-8080-exec-4] ExamResultDTO(examId=1, title=Oracle Certificate Associate JavaSE 8, description=Oracle Certification for JavaSE 8 Developer entry level, score=50, passingScore=65, status=false, finishedAt=2021-10-17T21:03:10)
2021-10-19 10:18:54,302 INFO com.luongtx.oes.security.filter.JwtRequestFilter [http-nio-8080-exec-5] user
2021-10-19 10:18:54,302 INFO com.luongtx.oes.security.filter.JwtRequestFilter [http-nio-8080-exec-5] Validate the token
2021-10-19 10:18:54,315 INFO com.luongtx.oes.service.impl.ExamServiceImpl [http-nio-8080-exec-5] [UserExam(id=4, userId=4, examId=1, regDate=2021-10-19T10:18:41, score=100, status=true), UserExam(id=3, userId=4, examId=1, regDate=2021-10-19T10:18:31, score=50, status=false), UserExam(id=2, userId=4, examId=1, regDate=2021-10-17T21:03:23, score=100, status=true), UserExam(id=1, userId=4, examId=1, regDate=2021-10-17T21:03:10, score=50, status=false)]
2021-10-19 10:18:54,319 INFO com.luongtx.oes.service.impl.ExamServiceImpl [http-nio-8080-exec-5] ExamResultDTO(examId=1, title=Oracle Certificate Associate JavaSE 8, description=Oracle Certification for JavaSE 8 Developer entry level, score=100, passingScore=65, status=true, finishedAt=2021-10-19T10:18:41)
2021-10-19 10:18:54,322 INFO com.luongtx.oes.service.impl.ExamServiceImpl [http-nio-8080-exec-5] ExamResultDTO(examId=1, title=Oracle Certificate Associate JavaSE 8, description=Oracle Certification for JavaSE 8 Developer entry level, score=50, passingScore=65, status=false, finishedAt=2021-10-19T10:18:31)
2021-10-19 10:18:54,325 INFO com.luongtx.oes.service.impl.ExamServiceImpl [http-nio-8080-exec-5] ExamResultDTO(examId=1, title=Oracle Certificate Associate JavaSE 8, description=Oracle Certification for JavaSE 8 Developer entry level, score=100, passingScore=65, status=true, finishedAt=2021-10-17T21:03:23)
2021-10-19 10:18:54,328 INFO com.luongtx.oes.service.impl.ExamServiceImpl [http-nio-8080-exec-5] ExamResultDTO(examId=1, title=Oracle Certificate Associate JavaSE 8, description=Oracle Certification for JavaSE 8 Developer entry level, score=50, passingScore=65, status=false, finishedAt=2021-10-17T21:03:10)
2021-10-19 10:19:02,035 INFO com.luongtx.oes.security.filter.JwtRequestFilter [http-nio-8080-exec-6] user
2021-10-19 10:19:02,035 INFO com.luongtx.oes.security.filter.JwtRequestFilter [http-nio-8080-exec-6] Validate the token
2021-10-19 10:19:02,077 INFO com.luongtx.oes.security.filter.JwtRequestFilter [http-nio-8080-exec-8] user
2021-10-19 10:19:02,078 INFO com.luongtx.oes.security.filter.JwtRequestFilter [http-nio-8080-exec-8] Validate the token
2021-10-19 10:19:05,909 INFO com.luongtx.oes.security.filter.JwtRequestFilter [http-nio-8080-exec-7] user
2021-10-19 10:19:05,910 INFO com.luongtx.oes.security.filter.JwtRequestFilter [http-nio-8080-exec-7] Validate the token
2021-10-19 10:19:05,933 INFO com.luongtx.oes.service.impl.ExamServiceImpl [http-nio-8080-exec-7] ExamResultDTO(examId=null, title=null, description=null, score=0, passingScore=65, status=false, finishedAt=2021-10-19T10:19:05.933)
2021-10-19 10:19:05,940 INFO com.luongtx.oes.service.impl.ExamServiceImpl [http-nio-8080-exec-7] com.luongtx.oes.entity.User@6962d521
2021-10-19 10:19:13,038 INFO com.luongtx.oes.security.filter.JwtRequestFilter [http-nio-8080-exec-9] user
2021-10-19 10:19:13,038 INFO com.luongtx.oes.security.filter.JwtRequestFilter [http-nio-8080-exec-9] Validate the token
2021-10-19 10:19:13,052 INFO com.luongtx.oes.service.impl.ExamServiceImpl [http-nio-8080-exec-9] [UserExam(id=5, userId=4, examId=1, regDate=2021-10-19T10:19:05, score=0, status=false), UserExam(id=4, userId=4, examId=1, regDate=2021-10-19T10:18:41, score=100, status=true), UserExam(id=3, userId=4, examId=1, regDate=2021-10-19T10:18:31, score=50, status=false), UserExam(id=2, userId=4, examId=1, regDate=2021-10-17T21:03:23, score=100, status=true), UserExam(id=1, userId=4, examId=1, regDate=2021-10-17T21:03:10, score=50, status=false)]
2021-10-19 10:19:13,057 INFO com.luongtx.oes.service.impl.ExamServiceImpl [http-nio-8080-exec-9] ExamResultDTO(examId=1, title=Oracle Certificate Associate JavaSE 8, description=Oracle Certification for JavaSE 8 Developer entry level, score=0, passingScore=65, status=false, finishedAt=2021-10-19T10:19:05)
2021-10-19 10:19:13,061 INFO com.luongtx.oes.service.impl.ExamServiceImpl [http-nio-8080-exec-9] ExamResultDTO(examId=1, title=Oracle Certificate Associate JavaSE 8, description=Oracle Certification for JavaSE 8 Developer entry level, score=100, passingScore=65, status=true, finishedAt=2021-10-19T10:18:41)
2021-10-19 10:19:13,063 INFO com.luongtx.oes.service.impl.ExamServiceImpl [http-nio-8080-exec-9] ExamResultDTO(examId=1, title=Oracle Certificate Associate JavaSE 8, description=Oracle Certification for JavaSE 8 Developer entry level, score=50, passingScore=65, status=false, finishedAt=2021-10-19T10:18:31)
2021-10-19 10:19:13,066 INFO com.luongtx.oes.service.impl.ExamServiceImpl [http-nio-8080-exec-9] ExamResultDTO(examId=1, title=Oracle Certificate Associate JavaSE 8, description=Oracle Certification for JavaSE 8 Developer entry level, score=100, passingScore=65, status=true, finishedAt=2021-10-17T21:03:23)
2021-10-19 10:19:13,069 INFO com.luongtx.oes.service.impl.ExamServiceImpl [http-nio-8080-exec-9] ExamResultDTO(examId=1, title=Oracle Certificate Associate JavaSE 8, description=Oracle Certification for JavaSE 8 Developer entry level, score=50, passingScore=65, status=false, finishedAt=2021-10-17T21:03:10)
2021-10-19 10:21:00,462 INFO com.luongtx.oes.security.filter.JwtRequestFilter [http-nio-8080-exec-1] user
2021-10-19 10:21:00,462 INFO com.luongtx.oes.security.filter.JwtRequestFilter [http-nio-8080-exec-1] Validate the token
2021-10-19 10:21:00,502 INFO com.luongtx.oes.security.filter.JwtRequestFilter [http-nio-8080-exec-3] user
2021-10-19 10:21:00,502 INFO com.luongtx.oes.security.filter.JwtRequestFilter [http-nio-8080-exec-3] Validate the token
2021-10-19 10:21:28,121 INFO com.luongtx.oes.security.filter.JwtRequestFilter [http-nio-8080-exec-2] user
2021-10-19 10:21:28,122 INFO com.luongtx.oes.security.filter.JwtRequestFilter [http-nio-8080-exec-2] Validate the token
2021-10-19 10:21:35,364 INFO com.luongtx.oes.security.filter.JwtRequestFilter [http-nio-8080-exec-4] user
2021-10-19 10:21:35,364 INFO com.luongtx.oes.security.filter.JwtRequestFilter [http-nio-8080-exec-4] Validate the token
2021-10-19 10:21:35,378 INFO com.luongtx.oes.service.impl.ExamServiceImpl [http-nio-8080-exec-4] [UserExam(id=5, userId=4, examId=1, regDate=2021-10-19T10:19:05, score=0, status=false), UserExam(id=4, userId=4, examId=1, regDate=2021-10-19T10:18:41, score=100, status=true), UserExam(id=3, userId=4, examId=1, regDate=2021-10-19T10:18:31, score=50, status=false), UserExam(id=2, userId=4, examId=1, regDate=2021-10-17T21:03:23, score=100, status=true), UserExam(id=1, userId=4, examId=1, regDate=2021-10-17T21:03:10, score=50, status=false)]
2021-10-19 10:21:35,381 INFO com.luongtx.oes.service.impl.ExamServiceImpl [http-nio-8080-exec-4] ExamResultDTO(examId=1, title=Oracle Certificate Associate JavaSE 8, description=Oracle Certification for JavaSE 8 Developer entry level, score=0, passingScore=65, status=false, finishedAt=2021-10-19T10:19:05)
2021-10-19 10:21:35,383 INFO com.luongtx.oes.service.impl.ExamServiceImpl [http-nio-8080-exec-4] ExamResultDTO(examId=1, title=Oracle Certificate Associate JavaSE 8, description=Oracle Certification for JavaSE 8 Developer entry level, score=100, passingScore=65, status=true, finishedAt=2021-10-19T10:18:41)
2021-10-19 10:21:35,384 INFO com.luongtx.oes.service.impl.ExamServiceImpl [http-nio-8080-exec-4] ExamResultDTO(examId=1, title=Oracle Certificate Associate JavaSE 8, description=Oracle Certification for JavaSE 8 Developer entry level, score=50, passingScore=65, status=false, finishedAt=2021-10-19T10:18:31)
2021-10-19 10:21:35,386 INFO com.luongtx.oes.service.impl.ExamServiceImpl [http-nio-8080-exec-4] ExamResultDTO(examId=1, title=Oracle Certificate Associate JavaSE 8, description=Oracle Certification for JavaSE 8 Developer entry level, score=100, passingScore=65, status=true, finishedAt=2021-10-17T21:03:23)
2021-10-19 10:21:35,387 INFO com.luongtx.oes.service.impl.ExamServiceImpl [http-nio-8080-exec-4] ExamResultDTO(examId=1, title=Oracle Certificate Associate JavaSE 8, description=Oracle Certification for JavaSE 8 Developer entry level, score=50, passingScore=65, status=false, finishedAt=2021-10-17T21:03:10)
2021-10-19 10:21:40,897 INFO com.luongtx.oes.security.filter.JwtRequestFilter [http-nio-8080-exec-5] user
2021-10-19 10:21:40,897 INFO com.luongtx.oes.security.filter.JwtRequestFilter [http-nio-8080-exec-5] Validate the token
2021-10-19 10:21:40,922 INFO com.luongtx.oes.security.filter.JwtRequestFilter [http-nio-8080-exec-6] user
2021-10-19 10:21:40,922 INFO com.luongtx.oes.security.filter.JwtRequestFilter [http-nio-8080-exec-6] Validate the token
2021-10-19 10:27:34,067 INFO com.luongtx.oes.security.filter.JwtRequestFilter [http-nio-8080-exec-7] user
2021-10-19 10:27:34,073 INFO com.luongtx.oes.security.filter.JwtRequestFilter [http-nio-8080-exec-7] Validate the token
2021-10-19 10:27:34,264 INFO com.luongtx.oes.security.filter.JwtRequestFilter [http-nio-8080-exec-9] user
2021-10-19 10:27:34,264 INFO com.luongtx.oes.security.filter.JwtRequestFilter [http-nio-8080-exec-9] Validate the token
2021-10-19 10:27:34,469 INFO com.luongtx.oes.security.filter.JwtRequestFilter [http-nio-8080-exec-10] user
2021-10-19 10:27:34,470 INFO com.luongtx.oes.security.filter.JwtRequestFilter [http-nio-8080-exec-10] Validate the token
2021-10-19 10:27:34,486 INFO com.luongtx.oes.service.impl.ProfileServiceImpl [http-nio-8080-exec-10] Profile(id=4, fullName=Luong Xuan Tran, gender=male, email=luongtx@gmail.com, phoneNo=0123456, birthDay=2020-10-10, imageSrc=/mnt/storage/uploads/avatar4.jpg, user=com.luongtx.oes.entity.User@6a41fe5e)
2021-10-19 10:28:01,587 INFO com.luongtx.oes.security.filter.JwtRequestFilter [http-nio-8080-exec-1] user
2021-10-19 10:28:01,587 INFO com.luongtx.oes.security.filter.JwtRequestFilter [http-nio-8080-exec-1] Validate the token
2021-10-19 10:28:01,609 INFO com.luongtx.oes.service.impl.ExamServiceImpl [http-nio-8080-exec-1] ExamResultDTO(examId=null, title=null, description=null, score=50, passingScore=65, status=false, finishedAt=2021-10-19T10:28:01.609)
2021-10-19 10:28:01,624 INFO com.luongtx.oes.service.impl.ExamServiceImpl [http-nio-8080-exec-1] com.luongtx.oes.entity.User@54edf04
2021-10-19 10:28:05,979 INFO com.luongtx.oes.security.filter.JwtRequestFilter [http-nio-8080-exec-3] user
2021-10-19 10:28:05,980 INFO com.luongtx.oes.security.filter.JwtRequestFilter [http-nio-8080-exec-3] Validate the token
2021-10-19 10:28:06,010 INFO com.luongtx.oes.security.filter.JwtRequestFilter [http-nio-8080-exec-2] user
2021-10-19 10:28:06,010 INFO com.luongtx.oes.security.filter.JwtRequestFilter [http-nio-8080-exec-2] Validate the token
2021-10-19 10:28:30,506 INFO com.luongtx.oes.security.filter.JwtRequestFilter [http-nio-8080-exec-4] user
2021-10-19 10:28:30,507 INFO com.luongtx.oes.security.filter.JwtRequestFilter [http-nio-8080-exec-4] Validate the token
2021-10-19 10:28:30,537 INFO com.luongtx.oes.service.impl.ExamServiceImpl [http-nio-8080-exec-4] ExamResultDTO(examId=null, title=null, description=null, score=100, passingScore=65, status=true, finishedAt=2021-10-19T10:28:30.537)
2021-10-19 10:28:30,544 INFO com.luongtx.oes.service.impl.ExamServiceImpl [http-nio-8080-exec-4] com.luongtx.oes.entity.User@628bfd4f
2021-10-19 10:31:31,282 ERROR com.luongtx.oes.security.filter.JwtRequestFilter [http-nio-8080-exec-8] JWT Token does not begin with Bearer String
2021-10-19 10:31:31,421 INFO com.luongtx.oes.service.impl.AuthenticationServiceImpl [http-nio-8080-exec-8] [ROLE_ADMIN]
2021-10-19 10:31:31,444 INFO com.luongtx.oes.security.filter.JwtRequestFilter [http-nio-8080-exec-7] admin
2021-10-19 10:31:31,445 INFO com.luongtx.oes.security.filter.JwtRequestFilter [http-nio-8080-exec-7] Validate the token
2021-10-19 10:31:31,457 INFO com.luongtx.oes.service.impl.ProfileServiceImpl [http-nio-8080-exec-7] Profile(id=3, fullName=Admin, gender=female, email=admin@gmail.com, phoneNo=123456, birthDay=2020-10-19, imageSrc=/mnt/storage/uploads/avatar3.jpg, user=com.luongtx.oes.entity.User@70f6433c)
2021-10-19 10:31:31,514 INFO com.luongtx.oes.security.filter.JwtRequestFilter [http-nio-8080-exec-9] admin
2021-10-19 10:31:31,514 INFO com.luongtx.oes.security.filter.JwtRequestFilter [http-nio-8080-exec-9] Validate the token
2021-10-19 10:36:28,950 INFO com.luongtx.oes.security.filter.JwtRequestFilter [http-nio-8080-exec-1] admin
2021-10-19 10:36:28,951 INFO com.luongtx.oes.security.filter.JwtRequestFilter [http-nio-8080-exec-1] Validate the token
2021-10-19 10:36:29,361 INFO com.luongtx.oes.security.filter.JwtRequestFilter [http-nio-8080-exec-3] admin
2021-10-19 10:36:29,362 INFO com.luongtx.oes.security.filter.JwtRequestFilter [http-nio-8080-exec-3] Validate the token
2021-10-19 10:36:29,375 INFO com.luongtx.oes.service.impl.ProfileServiceImpl [http-nio-8080-exec-3] Profile(id=3, fullName=Admin, gender=female, email=admin@gmail.com, phoneNo=123456, birthDay=2020-10-19, imageSrc=/mnt/storage/uploads/avatar3.jpg, user=com.luongtx.oes.entity.User@694592da)
2021-10-19 10:36:34,196 INFO com.luongtx.oes.security.filter.JwtRequestFilter [http-nio-8080-exec-2] admin
2021-10-19 10:36:34,196 INFO com.luongtx.oes.security.filter.JwtRequestFilter [http-nio-8080-exec-2] Validate the token
2021-10-19 10:36:34,211 INFO com.luongtx.oes.service.impl.ProfileServiceImpl [http-nio-8080-exec-2] Profile(id=3, fullName=Admin, gender=female, email=admin@gmail.com, phoneNo=123456, birthDay=2020-10-19, imageSrc=/mnt/storage/uploads/avatar3.jpg, user=com.luongtx.oes.entity.User@6dfc93c7)
2021-10-19 10:37:11,997 ERROR com.luongtx.oes.security.filter.JwtRequestFilter [http-nio-8080-exec-4] JWT Token does not begin with Bearer String
2021-10-19 10:37:12,119 INFO com.luongtx.oes.service.impl.AuthenticationServiceImpl [http-nio-8080-exec-4] [ROLE_USER]
2021-10-19 10:37:12,135 INFO com.luongtx.oes.security.filter.JwtRequestFilter [http-nio-8080-exec-5] user
2021-10-19 10:37:12,135 INFO com.luongtx.oes.security.filter.JwtRequestFilter [http-nio-8080-exec-5] Validate the token
2021-10-19 10:37:12,158 INFO com.luongtx.oes.service.impl.ProfileServiceImpl [http-nio-8080-exec-5] Profile(id=4, fullName=Luong Xuan Tran, gender=male, email=luongtx@gmail.com, phoneNo=0123456, birthDay=2020-10-10, imageSrc=/mnt/storage/uploads/avatar4.jpg, user=com.luongtx.oes.entity.User@53b99671)
2021-10-19 10:37:12,189 INFO com.luongtx.oes.security.filter.JwtRequestFilter [http-nio-8080-exec-6] user
2021-10-19 10:37:12,190 INFO com.luongtx.oes.security.filter.JwtRequestFilter [http-nio-8080-exec-6] Validate the token
2021-10-19 10:37:20,456 INFO com.luongtx.oes.security.filter.JwtRequestFilter [http-nio-8080-exec-8] user
2021-10-19 10:37:20,457 INFO com.luongtx.oes.security.filter.JwtRequestFilter [http-nio-8080-exec-8] Validate the token
2021-10-19 10:37:20,467 INFO com.luongtx.oes.service.impl.ExamServiceImpl [http-nio-8080-exec-8] [UserExam(id=7, userId=4, examId=1, regDate=2021-10-19T10:28:30, score=100, status=true), UserExam(id=6, userId=4, examId=1, regDate=2021-10-19T10:28:01, score=50, status=false), UserExam(id=5, userId=4, examId=1, regDate=2021-10-19T10:19:05, score=0, status=false), UserExam(id=4, userId=4, examId=1, regDate=2021-10-19T10:18:41, score=100, status=true), UserExam(id=3, userId=4, examId=1, regDate=2021-10-19T10:18:31, score=50, status=false), UserExam(id=2, userId=4, examId=1, regDate=2021-10-17T21:03:23, score=100, status=true), UserExam(id=1, userId=4, examId=1, regDate=2021-10-17T21:03:10, score=50, status=false)]
2021-10-19 10:37:20,470 INFO com.luongtx.oes.service.impl.ExamServiceImpl [http-nio-8080-exec-8] ExamResultDTO(examId=1, title=Oracle Certificate Associate JavaSE 8, description=Oracle Certification for JavaSE 8 Developer entry level, score=100, passingScore=65, status=true, finishedAt=2021-10-19T10:28:30)
2021-10-19 10:37:20,472 INFO com.luongtx.oes.service.impl.ExamServiceImpl [http-nio-8080-exec-8] ExamResultDTO(examId=1, title=Oracle Certificate Associate JavaSE 8, description=Oracle Certification for JavaSE 8 Developer entry level, score=50, passingScore=65, status=false, finishedAt=2021-10-19T10:28:01)
2021-10-19 10:37:20,474 INFO com.luongtx.oes.service.impl.ExamServiceImpl [http-nio-8080-exec-8] ExamResultDTO(examId=1, title=Oracle Certificate Associate JavaSE 8, description=Oracle Certification for JavaSE 8 Developer entry level, score=0, passingScore=65, status=false, finishedAt=2021-10-19T10:19:05)
2021-10-19 10:37:20,475 INFO com.luongtx.oes.service.impl.ExamServiceImpl [http-nio-8080-exec-8] ExamResultDTO(examId=1, title=Oracle Certificate Associate JavaSE 8, description=Oracle Certification for JavaSE 8 Developer entry level, score=100, passingScore=65, status=true, finishedAt=2021-10-19T10:18:41)
2021-10-19 10:37:20,478 INFO com.luongtx.oes.service.impl.ExamServiceImpl [http-nio-8080-exec-8] ExamResultDTO(examId=1, title=Oracle Certificate Associate JavaSE 8, description=Oracle Certification for JavaSE 8 Developer entry level, score=50, passingScore=65, status=false, finishedAt=2021-10-19T10:18:31)
2021-10-19 10:37:20,481 INFO com.luongtx.oes.service.impl.ExamServiceImpl [http-nio-8080-exec-8] ExamResultDTO(examId=1, title=Oracle Certificate Associate JavaSE 8, description=Oracle Certification for JavaSE 8 Developer entry level, score=100, passingScore=65, status=true, finishedAt=2021-10-17T21:03:23)
2021-10-19 10:37:20,483 INFO com.luongtx.oes.service.impl.ExamServiceImpl [http-nio-8080-exec-8] ExamResultDTO(examId=1, title=Oracle Certificate Associate JavaSE 8, description=Oracle Certification for JavaSE 8 Developer entry level, score=50, passingScore=65, status=false, finishedAt=2021-10-17T21:03:10)
2021-10-19 10:37:45,453 ERROR com.luongtx.oes.security.filter.JwtRequestFilter [http-nio-8080-exec-7] JWT Token does not begin with Bearer String
2021-10-19 10:37:45,566 INFO com.luongtx.oes.service.impl.AuthenticationServiceImpl [http-nio-8080-exec-7] [ROLE_ADMIN]
2021-10-19 10:37:45,583 INFO com.luongtx.oes.security.filter.JwtRequestFilter [http-nio-8080-exec-9] admin
2021-10-19 10:37:45,583 INFO com.luongtx.oes.security.filter.JwtRequestFilter [http-nio-8080-exec-9] Validate the token
2021-10-19 10:37:45,605 INFO com.luongtx.oes.service.impl.ProfileServiceImpl [http-nio-8080-exec-9] Profile(id=3, fullName=Admin, gender=female, email=admin@gmail.com, phoneNo=123456, birthDay=2020-10-19, imageSrc=/mnt/storage/uploads/avatar3.jpg, user=com.luongtx.oes.entity.User@77e1a0c8)
2021-10-19 10:37:45,643 INFO com.luongtx.oes.security.filter.JwtRequestFilter [http-nio-8080-exec-10] admin
2021-10-19 10:37:45,643 INFO com.luongtx.oes.security.filter.JwtRequestFilter [http-nio-8080-exec-10] Validate the token
2021-10-19 10:38:10,131 INFO com.luongtx.oes.security.filter.JwtRequestFilter [http-nio-8080-exec-3] admin
2021-10-19 10:38:10,132 INFO com.luongtx.oes.security.filter.JwtRequestFilter [http-nio-8080-exec-3] Validate the token
2021-10-19 10:38:10,182 INFO com.luongtx.oes.security.filter.JwtRequestFilter [http-nio-8080-exec-4] admin
2021-10-19 10:38:10,183 INFO com.luongtx.oes.security.filter.JwtRequestFilter [http-nio-8080-exec-4] Validate the token
2021-10-19 10:38:16,844 INFO com.luongtx.oes.security.filter.JwtRequestFilter [http-nio-8080-exec-5] admin
2021-10-19 10:38:16,845 INFO com.luongtx.oes.security.filter.JwtRequestFilter [http-nio-8080-exec-5] Validate the token
2021-10-19 10:38:27,499 INFO com.luongtx.oes.security.filter.JwtRequestFilter [http-nio-8080-exec-8] admin
2021-10-19 10:38:27,500 INFO com.luongtx.oes.security.filter.JwtRequestFilter [http-nio-8080-exec-8] Validate the token
2021-10-19 10:38:27,513 INFO com.luongtx.oes.service.impl.ProfileServiceImpl [http-nio-8080-exec-8] Profile(id=3, fullName=Admin, gender=female, email=admin@gmail.com, phoneNo=123456, birthDay=2020-10-19, imageSrc=/mnt/storage/uploads/avatar3.jpg, user=com.luongtx.oes.entity.User@2615c157)
2021-10-19 10:39:29,844 INFO com.luongtx.oes.security.filter.JwtRequestFilter [http-nio-8080-exec-9] admin
2021-10-19 10:39:29,845 INFO com.luongtx.oes.security.filter.JwtRequestFilter [http-nio-8080-exec-9] Validate the token
2021-10-19 10:39:29,874 INFO com.luongtx.oes.service.impl.ProfileServiceImpl [http-nio-8080-exec-9] Profile(id=3, fullName=Admin, gender=female, email=admin@gmail.com, phoneNo=123456, birthDay=2020-10-19, imageSrc=/mnt/storage/uploads/avatar3.jpg, user=com.luongtx.oes.entity.User@5caa81bd)
2021-10-19 10:39:30,274 INFO com.luongtx.oes.security.filter.JwtRequestFilter [http-nio-8080-exec-10] admin
2021-10-19 10:39:30,274 INFO com.luongtx.oes.security.filter.JwtRequestFilter [http-nio-8080-exec-10] Validate the token
2021-10-19 10:39:30,291 INFO com.luongtx.oes.service.impl.ProfileServiceImpl [http-nio-8080-exec-10] Profile(id=3, fullName=Admin, gender=female, email=admin@gmail.com, phoneNo=123456, birthDay=2020-10-19, imageSrc=/mnt/storage/uploads/avatar3.jpg, user=com.luongtx.oes.entity.User@6503b4ca)
2021-10-19 20:45:34,114 ERROR com.luongtx.oes.security.filter.JwtRequestFilter [http-nio-8080-exec-2] JWT Token has expired
2021-10-19 20:45:34,459 ERROR com.luongtx.oes.security.filter.JwtRequestFilter [http-nio-8080-exec-4] JWT Token has expired
2021-10-19 20:46:29,331 ERROR com.luongtx.oes.security.filter.JwtRequestFilter [http-nio-8080-exec-5] JWT Token does not begin with Bearer String
2021-10-19 20:46:29,553 DEBUG com.luongtx.oes.web.handler.ApplicationExceptionHandler [http-nio-8080-exec-5] Incorrect username or password
2021-10-19 20:46:34,069 ERROR com.luongtx.oes.security.filter.JwtRequestFilter [http-nio-8080-exec-8] JWT Token does not begin with Bearer String
2021-10-19 20:46:34,205 INFO com.luongtx.oes.service.impl.AuthenticationServiceImpl [http-nio-8080-exec-8] [ROLE_USER]
2021-10-19 20:46:34,221 INFO com.luongtx.oes.security.filter.JwtRequestFilter [http-nio-8080-exec-7] user
2021-10-19 20:46:34,221 INFO com.luongtx.oes.security.filter.JwtRequestFilter [http-nio-8080-exec-7] Validate the token
2021-10-19 20:46:34,260 INFO com.luongtx.oes.service.impl.ProfileServiceImpl [http-nio-8080-exec-7] Profile(id=4, fullName=Luong Xuan Tran, gender=male, email=luongtx@gmail.com, phoneNo=0123456, birthDay=2020-10-10, imageSrc=/mnt/storage/uploads/avatar4.jpg, user=com.luongtx.oes.entity.User@3581426)
2021-10-19 20:46:34,301 INFO com.luongtx.oes.security.filter.JwtRequestFilter [http-nio-8080-exec-10] user
2021-10-19 20:46:34,306 INFO com.luongtx.oes.security.filter.JwtRequestFilter [http-nio-8080-exec-10] Validate the token
2021-10-19 20:46:52,169 ERROR com.luongtx.oes.security.filter.JwtRequestFilter [http-nio-8080-exec-1] JWT Token does not begin with Bearer String
2021-10-19 20:46:52,302 INFO com.luongtx.oes.service.impl.AuthenticationServiceImpl [http-nio-8080-exec-1] [ROLE_ADMIN]
2021-10-19 20:46:52,316 INFO com.luongtx.oes.security.filter.JwtRequestFilter [http-nio-8080-exec-3] admin
2021-10-19 20:46:52,317 INFO com.luongtx.oes.security.filter.JwtRequestFilter [http-nio-8080-exec-3] Validate the token
2021-10-19 20:46:52,331 INFO com.luongtx.oes.service.impl.ProfileServiceImpl [http-nio-8080-exec-3] Profile(id=3, fullName=Admin, gender=female, email=admin@gmail.com, phoneNo=123456, birthDay=2020-10-19, imageSrc=/mnt/storage/uploads/avatar3.jpg, user=com.luongtx.oes.entity.User@42350fc1)
2021-10-19 20:46:52,368 INFO com.luongtx.oes.security.filter.JwtRequestFilter [http-nio-8080-exec-2] admin
2021-10-19 20:46:52,369 INFO com.luongtx.oes.security.filter.JwtRequestFilter [http-nio-8080-exec-2] Validate the token
2021-10-19 20:51:40,952 INFO com.luongtx.oes.security.filter.JwtRequestFilter [http-nio-8080-exec-5] admin
2021-10-19 20:51:40,953 INFO com.luongtx.oes.security.filter.JwtRequestFilter [http-nio-8080-exec-5] Validate the token
2021-10-19 20:51:41,370 INFO com.luongtx.oes.security.filter.JwtRequestFilter [http-nio-8080-exec-8] admin
2021-10-19 20:51:41,371 INFO com.luongtx.oes.security.filter.JwtRequestFilter [http-nio-8080-exec-8] Validate the token
2021-10-19 20:51:41,396 INFO com.luongtx.oes.service.impl.ProfileServiceImpl [http-nio-8080-exec-8] Profile(id=3, fullName=Admin, gender=female, email=admin@gmail.com, phoneNo=123456, birthDay=2020-10-19, imageSrc=/mnt/storage/uploads/avatar3.jpg, user=com.luongtx.oes.entity.User@72373812)
2021-10-19 20:53:20,837 INFO com.luongtx.oes.security.filter.JwtRequestFilter [http-nio-8080-exec-10] admin
2021-10-19 20:53:20,837 INFO com.luongtx.oes.security.filter.JwtRequestFilter [http-nio-8080-exec-10] Validate the token
2021-10-19 20:53:20,861 INFO com.luongtx.oes.service.impl.ProfileServiceImpl [http-nio-8080-exec-10] Profile(id=3, fullName=Admin, gender=female, email=admin@gmail.com, phoneNo=123456, birthDay=2020-10-19, imageSrc=/mnt/storage/uploads/avatar3.jpg, user=com.luongtx.oes.entity.User@36b29f82)
2021-10-19 20:53:21,735 INFO com.luongtx.oes.security.filter.JwtRequestFilter [http-nio-8080-exec-7] admin
2021-10-19 20:53:21,737 INFO com.luongtx.oes.security.filter.JwtRequestFilter [http-nio-8080-exec-7] Validate the token
2021-10-19 20:59:32,107 INFO com.luongtx.oes.security.filter.JwtRequestFilter [http-nio-8080-exec-3] admin
2021-10-19 20:59:32,109 INFO com.luongtx.oes.security.filter.JwtRequestFilter [http-nio-8080-exec-3] Validate the token
2021-10-19 20:59:32,866 INFO com.luongtx.oes.security.filter.JwtRequestFilter [http-nio-8080-exec-2] admin
2021-10-19 20:59:32,868 INFO com.luongtx.oes.security.filter.JwtRequestFilter [http-nio-8080-exec-2] Validate the token
2021-10-19 20:59:32,916 INFO com.luongtx.oes.service.impl.ProfileServiceImpl [http-nio-8080-exec-2] Profile(id=3, fullName=Admin, gender=female, email=admin@gmail.com, phoneNo=123456, birthDay=2020-10-19, imageSrc=/mnt/storage/uploads/avatar3.jpg, user=com.luongtx.oes.entity.User@547d5fba)
2021-10-19 21:03:25,976 INFO com.luongtx.oes.security.filter.JwtRequestFilter [http-nio-8080-exec-4] admin
2021-10-19 21:03:25,977 INFO com.luongtx.oes.security.filter.JwtRequestFilter [http-nio-8080-exec-4] Validate the token
2021-10-19 21:03:26,012 INFO com.luongtx.oes.service.impl.ProfileServiceImpl [http-nio-8080-exec-4] Profile(id=3, fullName=Admin, gender=female, email=admin@gmail.com, phoneNo=123456, birthDay=2020-10-19, imageSrc=/mnt/storage/uploads/avatar3.jpg, user=com.luongtx.oes.entity.User@18a07861)
2021-10-19 21:03:38,955 INFO com.luongtx.oes.security.filter.JwtRequestFilter [http-nio-8080-exec-5] admin
2021-10-19 21:03:38,960 INFO com.luongtx.oes.security.filter.JwtRequestFilter [http-nio-8080-exec-5] Validate the token
2021-10-19 21:07:26,231 INFO com.luongtx.oes.security.filter.JwtRequestFilter [http-nio-8080-exec-9] admin
2021-10-19 21:07:26,235 INFO com.luongtx.oes.security.filter.JwtRequestFilter [http-nio-8080-exec-9] Validate the token
2021-10-19 21:07:26,278 INFO com.luongtx.oes.service.impl.ProfileServiceImpl [http-nio-8080-exec-9] Profile(id=3, fullName=Admin, gender=female, email=admin@gmail.com, phoneNo=123456, birthDay=2020-10-19, imageSrc=/mnt/storage/uploads/avatar3.jpg, user=com.luongtx.oes.entity.User@34ca7cd4)
2021-10-19 21:07:38,563 INFO com.luongtx.oes.security.filter.JwtRequestFilter [http-nio-8080-exec-10] admin
2021-10-19 21:07:38,565 INFO com.luongtx.oes.security.filter.JwtRequestFilter [http-nio-8080-exec-10] Validate the token
2021-10-19 21:10:10,867 INFO com.luongtx.oes.security.filter.JwtRequestFilter [http-nio-8080-exec-1] admin
2021-10-19 21:10:10,868 INFO com.luongtx.oes.security.filter.JwtRequestFilter [http-nio-8080-exec-1] Validate the token
2021-10-19 21:10:12,253 INFO com.luongtx.oes.security.filter.JwtRequestFilter [http-nio-8080-exec-3] admin
2021-10-19 21:10:12,254 INFO com.luongtx.oes.security.filter.JwtRequestFilter [http-nio-8080-exec-3] Validate the token
2021-10-19 21:10:12,296 INFO com.luongtx.oes.service.impl.ProfileServiceImpl [http-nio-8080-exec-3] Profile(id=3, fullName=Admin, gender=female, email=admin@gmail.com, phoneNo=123456, birthDay=2020-10-19, imageSrc=/mnt/storage/uploads/avatar3.jpg, user=com.luongtx.oes.entity.User@4ad343a1)
2021-10-19 21:23:30,088 INFO com.luongtx.oes.security.filter.JwtRequestFilter [http-nio-8080-exec-4] admin
2021-10-19 21:23:30,090 INFO com.luongtx.oes.security.filter.JwtRequestFilter [http-nio-8080-exec-4] Validate the token
2021-10-19 21:23:31,023 INFO com.luongtx.oes.security.filter.JwtRequestFilter [http-nio-8080-exec-8] admin
2021-10-19 21:23:31,024 INFO com.luongtx.oes.security.filter.JwtRequestFilter [http-nio-8080-exec-8] Validate the token
2021-10-19 21:23:31,049 INFO com.luongtx.oes.service.impl.ProfileServiceImpl [http-nio-8080-exec-8] Profile(id=3, fullName=Admin, gender=female, email=admin@gmail.com, phoneNo=123456, birthDay=2020-10-19, imageSrc=/mnt/storage/uploads/avatar3.jpg, user=com.luongtx.oes.entity.User@9c10482)
2021-10-19 21:23:43,209 INFO com.luongtx.oes.security.filter.JwtRequestFilter [http-nio-8080-exec-10] admin
2021-10-19 21:23:43,209 INFO com.luongtx.oes.security.filter.JwtRequestFilter [http-nio-8080-exec-10] Validate the token
2021-10-19 21:24:04,638 INFO com.luongtx.oes.security.filter.JwtRequestFilter [http-nio-8080-exec-7] admin
2021-10-19 21:24:04,639 INFO com.luongtx.oes.security.filter.JwtRequestFilter [http-nio-8080-exec-7] Validate the token
2021-10-19 21:24:06,540 INFO com.luongtx.oes.security.filter.JwtRequestFilter [http-nio-8080-exec-3] admin
2021-10-19 21:24:06,541 INFO com.luongtx.oes.security.filter.JwtRequestFilter [http-nio-8080-exec-3] Validate the token
2021-10-19 21:47:04,503 INFO com.luongtx.oes.security.filter.JwtRequestFilter [http-nio-8080-exec-6] admin
2021-10-19 21:47:04,504 INFO com.luongtx.oes.security.filter.JwtRequestFilter [http-nio-8080-exec-6] Validate the token
2021-10-19 21:47:05,535 INFO com.luongtx.oes.security.filter.JwtRequestFilter [http-nio-8080-exec-4] admin
2021-10-19 21:47:05,538 INFO com.luongtx.oes.security.filter.JwtRequestFilter [http-nio-8080-exec-4] Validate the token
2021-10-19 21:47:05,556 INFO com.luongtx.oes.service.impl.ProfileServiceImpl [http-nio-8080-exec-4] Profile(id=3, fullName=Admin, gender=female, email=admin@gmail.com, phoneNo=123456, birthDay=2020-10-19, imageSrc=/mnt/storage/uploads/avatar3.jpg, user=com.luongtx.oes.entity.User@1f2221a2)
2021-10-19 21:48:17,455 INFO com.luongtx.oes.security.filter.JwtRequestFilter [http-nio-8080-exec-8] admin
2021-10-19 21:48:17,456 INFO com.luongtx.oes.security.filter.JwtRequestFilter [http-nio-8080-exec-8] Validate the token
2021-10-19 21:48:17,765 INFO com.luongtx.oes.security.filter.JwtRequestFilter [http-nio-8080-exec-9] admin
2021-10-19 21:48:17,770 INFO com.luongtx.oes.security.filter.JwtRequestFilter [http-nio-8080-exec-9] Validate the token
2021-10-19 21:48:17,829 INFO com.luongtx.oes.service.impl.ProfileServiceImpl [http-nio-8080-exec-9] Profile(id=3, fullName=Admin, gender=female, email=admin@gmail.com, phoneNo=123456, birthDay=2020-10-19, imageSrc=/mnt/storage/uploads/avatar3.jpg, user=com.luongtx.oes.entity.User@603997fc)
2021-10-19 21:48:35,339 INFO com.luongtx.oes.security.filter.JwtRequestFilter [http-nio-8080-exec-10] admin
2021-10-19 21:48:35,342 INFO com.luongtx.oes.security.filter.JwtRequestFilter [http-nio-8080-exec-10] Validate the token
2021-10-19 21:48:37,107 INFO com.luongtx.oes.security.filter.JwtRequestFilter [http-nio-8080-exec-7] admin
2021-10-19 21:48:37,107 INFO com.luongtx.oes.security.filter.JwtRequestFilter [http-nio-8080-exec-7] Validate the token
2021-10-19 21:53:02,594 INFO com.luongtx.oes.security.filter.JwtRequestFilter [http-nio-8080-exec-3] admin
2021-10-19 21:53:02,599 INFO com.luongtx.oes.security.filter.JwtRequestFilter [http-nio-8080-exec-3] Validate the token
2021-10-19 21:53:02,673 INFO com.luongtx.oes.security.filter.JwtRequestFilter [http-nio-8080-exec-6] admin
2021-10-19 21:53:02,674 INFO com.luongtx.oes.security.filter.JwtRequestFilter [http-nio-8080-exec-6] Validate the token
2021-10-19 21:53:02,967 INFO com.luongtx.oes.security.filter.JwtRequestFilter [http-nio-8080-exec-4] admin
2021-10-19 21:53:02,968 INFO com.luongtx.oes.security.filter.JwtRequestFilter [http-nio-8080-exec-4] Validate the token
2021-10-19 21:53:02,992 INFO com.luongtx.oes.service.impl.ProfileServiceImpl [http-nio-8080-exec-4] Profile(id=3, fullName=Admin, gender=female, email=admin@gmail.com, phoneNo=123456, birthDay=2020-10-19, imageSrc=/mnt/storage/uploads/avatar3.jpg, user=com.luongtx.oes.entity.User@4195517e)
2021-10-19 21:59:52,665 INFO com.luongtx.oes.security.filter.JwtRequestFilter [http-nio-8080-exec-9] admin
2021-10-19 21:59:52,666 INFO com.luongtx.oes.security.filter.JwtRequestFilter [http-nio-8080-exec-9] Validate the token
2021-10-19 21:59:53,887 INFO com.luongtx.oes.security.filter.JwtRequestFilter [http-nio-8080-exec-7] admin
2021-10-19 21:59:53,888 INFO com.luongtx.oes.security.filter.JwtRequestFilter [http-nio-8080-exec-7] Validate the token
2021-10-19 21:59:53,923 INFO com.luongtx.oes.security.filter.JwtRequestFilter [http-nio-8080-exec-1] admin
2021-10-19 21:59:53,925 INFO com.luongtx.oes.security.filter.JwtRequestFilter [http-nio-8080-exec-1] Validate the token
2021-10-19 21:59:56,080 INFO com.luongtx.oes.security.filter.JwtRequestFilter [http-nio-8080-exec-3] admin
2021-10-19 21:59:56,081 INFO com.luongtx.oes.security.filter.JwtRequestFilter [http-nio-8080-exec-3] Validate the token
2021-10-19 22:01:05,566 INFO com.luongtx.oes.security.filter.JwtRequestFilter [http-nio-8080-exec-4] admin
2021-10-19 22:01:05,566 INFO com.luongtx.oes.security.filter.JwtRequestFilter [http-nio-8080-exec-4] Validate the token
2021-10-19 22:01:05,611 INFO com.luongtx.oes.security.filter.JwtRequestFilter [http-nio-8080-exec-8] admin
2021-10-19 22:01:05,612 INFO com.luongtx.oes.security.filter.JwtRequestFilter [http-nio-8080-exec-8] Validate the token
2021-10-19 22:01:08,191 INFO com.luongtx.oes.security.filter.JwtRequestFilter [http-nio-8080-exec-9] admin
2021-10-19 22:01:08,192 INFO com.luongtx.oes.security.filter.JwtRequestFilter [http-nio-8080-exec-9] Validate the token
2021-10-19 22:01:09,411 INFO com.luongtx.oes.security.filter.JwtRequestFilter [http-nio-8080-exec-10] admin
2021-10-19 22:01:09,412 INFO com.luongtx.oes.security.filter.JwtRequestFilter [http-nio-8080-exec-10] Validate the token
2021-10-19 22:01:09,451 INFO com.luongtx.oes.security.filter.JwtRequestFilter [http-nio-8080-exec-7] admin
2021-10-19 22:01:09,452 INFO com.luongtx.oes.security.filter.JwtRequestFilter [http-nio-8080-exec-7] Validate the token
2021-10-19 22:09:15,970 INFO com.luongtx.oes.security.filter.JwtRequestFilter [http-nio-8080-exec-3] admin
2021-10-19 22:09:15,971 INFO com.luongtx.oes.security.filter.JwtRequestFilter [http-nio-8080-exec-3] Validate the token
2021-10-19 22:09:16,111 INFO com.luongtx.oes.security.filter.JwtRequestFilter [http-nio-8080-exec-2] admin
2021-10-19 22:09:16,112 INFO com.luongtx.oes.security.filter.JwtRequestFilter [http-nio-8080-exec-2] Validate the token
2021-10-19 22:09:16,442 INFO com.luongtx.oes.security.filter.JwtRequestFilter [http-nio-8080-exec-4] admin
2021-10-19 22:09:16,443 INFO com.luongtx.oes.security.filter.JwtRequestFilter [http-nio-8080-exec-4] Validate the token
2021-10-19 22:09:16,457 INFO com.luongtx.oes.service.impl.ProfileServiceImpl [http-nio-8080-exec-4] Profile(id=3, fullName=Admin, gender=female, email=admin@gmail.com, phoneNo=123456, birthDay=2020-10-19, imageSrc=/mnt/storage/uploads/avatar3.jpg, user=com.luongtx.oes.entity.User@32910f5a)
2021-10-19 22:11:50,300 INFO com.luongtx.oes.security.filter.JwtRequestFilter [http-nio-8080-exec-8] admin
2021-10-19 22:11:50,301 INFO com.luongtx.oes.security.filter.JwtRequestFilter [http-nio-8080-exec-8] Validate the token
2021-10-19 22:11:50,738 INFO com.luongtx.oes.security.filter.JwtRequestFilter [http-nio-8080-exec-9] admin
2021-10-19 22:11:50,740 INFO com.luongtx.oes.security.filter.JwtRequestFilter [http-nio-8080-exec-9] Validate the token
2021-10-19 22:11:50,745 INFO com.luongtx.oes.security.filter.JwtRequestFilter [http-nio-8080-exec-10] admin
2021-10-19 22:11:50,748 INFO com.luongtx.oes.security.filter.JwtRequestFilter [http-nio-8080-exec-10] Validate the token
2021-10-19 22:11:50,770 INFO com.luongtx.oes.service.impl.ProfileServiceImpl [http-nio-8080-exec-9] Profile(id=3, fullName=Admin, gender=female, email=admin@gmail.com, phoneNo=123456, birthDay=2020-10-19, imageSrc=/mnt/storage/uploads/avatar3.jpg, user=com.luongtx.oes.entity.User@1f309ff8)
2021-10-19 22:54:02,357 INFO com.luongtx.oes.security.filter.JwtRequestFilter [http-nio-8080-exec-2] admin
2021-10-19 22:54:02,369 INFO com.luongtx.oes.security.filter.JwtRequestFilter [http-nio-8080-exec-2] Validate the token
2021-10-19 22:54:02,749 INFO com.luongtx.oes.security.filter.JwtRequestFilter [http-nio-8080-exec-4] admin
2021-10-19 22:54:02,749 INFO com.luongtx.oes.security.filter.JwtRequestFilter [http-nio-8080-exec-4] Validate the token
2021-10-19 22:54:03,059 INFO com.luongtx.oes.security.filter.JwtRequestFilter [http-nio-8080-exec-8] admin
2021-10-19 22:54:03,060 INFO com.luongtx.oes.security.filter.JwtRequestFilter [http-nio-8080-exec-8] Validate the token
2021-10-19 22:54:03,080 INFO com.luongtx.oes.service.impl.ProfileServiceImpl [http-nio-8080-exec-8] Profile(id=3, fullName=Admin, gender=female, email=admin@gmail.com, phoneNo=123456, birthDay=2020-10-19, imageSrc=/mnt/storage/uploads/avatar3.jpg, user=com.luongtx.oes.entity.User@726f19bd)
2021-10-19 22:58:02,627 INFO com.luongtx.oes.security.filter.JwtRequestFilter [http-nio-8080-exec-9] admin
2021-10-19 22:58:02,628 INFO com.luongtx.oes.security.filter.JwtRequestFilter [http-nio-8080-exec-9] Validate the token
2021-10-19 22:58:03,200 INFO com.luongtx.oes.security.filter.JwtRequestFilter [http-nio-8080-exec-7] admin
2021-10-19 22:58:03,202 INFO com.luongtx.oes.security.filter.JwtRequestFilter [http-nio-8080-exec-7] Validate the token
2021-10-19 22:58:03,207 INFO com.luongtx.oes.security.filter.JwtRequestFilter [http-nio-8080-exec-1] admin
2021-10-19 22:58:03,213 INFO com.luongtx.oes.security.filter.JwtRequestFilter [http-nio-8080-exec-1] Validate the token
2021-10-19 22:58:03,237 INFO com.luongtx.oes.service.impl.ProfileServiceImpl [http-nio-8080-exec-7] Profile(id=3, fullName=Admin, gender=female, email=admin@gmail.com, phoneNo=123456, birthDay=2020-10-19, imageSrc=/mnt/storage/uploads/avatar3.jpg, user=com.luongtx.oes.entity.User@63086286)
2021-10-19 23:02:56,138 INFO com.luongtx.oes.security.filter.JwtRequestFilter [http-nio-8080-exec-6] admin
2021-10-19 23:02:56,139 INFO com.luongtx.oes.security.filter.JwtRequestFilter [http-nio-8080-exec-6] Validate the token
2021-10-19 23:02:56,749 INFO com.luongtx.oes.security.filter.JwtRequestFilter [http-nio-8080-exec-4] admin
2021-10-19 23:02:56,750 INFO com.luongtx.oes.security.filter.JwtRequestFilter [http-nio-8080-exec-4] Validate the token
2021-10-19 23:02:56,934 INFO com.luongtx.oes.service.impl.ProfileServiceImpl [http-nio-8080-exec-4] Profile(id=3, fullName=Admin, gender=female, email=admin@gmail.com, phoneNo=123456, birthDay=2020-10-19, imageSrc=/mnt/storage/uploads/avatar3.jpg, user=com.luongtx.oes.entity.User@982d4bb)
2021-10-19 23:02:57,006 INFO com.luongtx.oes.security.filter.JwtRequestFilter [http-nio-8080-exec-5] admin
2021-10-19 23:02:57,007 INFO com.luongtx.oes.security.filter.JwtRequestFilter [http-nio-8080-exec-5] Validate the token
2021-10-19 23:06:41,594 INFO com.luongtx.oes.security.filter.JwtRequestFilter [http-nio-8080-exec-10] admin
2021-10-19 23:06:41,595 INFO com.luongtx.oes.security.filter.JwtRequestFilter [http-nio-8080-exec-10] Validate the token
2021-10-19 23:06:41,747 INFO com.luongtx.oes.security.filter.JwtRequestFilter [http-nio-8080-exec-9] admin
2021-10-19 23:06:41,748 INFO com.luongtx.oes.security.filter.JwtRequestFilter [http-nio-8080-exec-9] Validate the token
2021-10-19 23:06:42,004 INFO com.luongtx.oes.security.filter.JwtRequestFilter [http-nio-8080-exec-7] admin
2021-10-19 23:06:42,006 INFO com.luongtx.oes.security.filter.JwtRequestFilter [http-nio-8080-exec-7] Validate the token
2021-10-19 23:06:42,031 INFO com.luongtx.oes.service.impl.ProfileServiceImpl [http-nio-8080-exec-7] Profile(id=3, fullName=Admin, gender=female, email=admin@gmail.com, phoneNo=123456, birthDay=2020-10-19, imageSrc=/mnt/storage/uploads/avatar3.jpg, user=com.luongtx.oes.entity.User@75ca5072)
2021-10-19 23:10:39,723 INFO com.luongtx.oes.security.filter.JwtRequestFilter [http-nio-8080-exec-3] admin
2021-10-19 23:10:39,723 INFO com.luongtx.oes.security.filter.JwtRequestFilter [http-nio-8080-exec-3] Validate the token
2021-10-19 23:10:39,981 INFO com.luongtx.oes.security.filter.JwtRequestFilter [http-nio-8080-exec-2] admin
2021-10-19 23:10:39,982 INFO com.luongtx.oes.security.filter.JwtRequestFilter [http-nio-8080-exec-2] Validate the token
2021-10-19 23:10:40,130 INFO com.luongtx.oes.security.filter.JwtRequestFilter [http-nio-8080-exec-6] admin
2021-10-19 23:10:40,134 INFO com.luongtx.oes.security.filter.JwtRequestFilter [http-nio-8080-exec-6] Validate the token
2021-10-19 23:10:40,159 INFO com.luongtx.oes.service.impl.ProfileServiceImpl [http-nio-8080-exec-6] Profile(id=3, fullName=Admin, gender=female, email=admin@gmail.com, phoneNo=123456, birthDay=2020-10-19, imageSrc=/mnt/storage/uploads/avatar3.jpg, user=com.luongtx.oes.entity.User@3f48c8c9)
2021-10-19 23:11:57,607 INFO com.luongtx.oes.security.filter.JwtRequestFilter [http-nio-8080-exec-5] admin
2021-10-19 23:11:57,608 INFO com.luongtx.oes.security.filter.JwtRequestFilter [http-nio-8080-exec-5] Validate the token
2021-10-19 23:11:57,703 INFO com.luongtx.oes.security.filter.JwtRequestFilter [http-nio-8080-exec-8] admin
2021-10-19 23:11:57,704 INFO com.luongtx.oes.security.filter.JwtRequestFilter [http-nio-8080-exec-8] Validate the token
2021-10-19 23:11:57,998 INFO com.luongtx.oes.security.filter.JwtRequestFilter [http-nio-8080-exec-10] admin
2021-10-19 23:11:57,999 INFO com.luongtx.oes.security.filter.JwtRequestFilter [http-nio-8080-exec-10] Validate the token
2021-10-19 23:11:58,032 INFO com.luongtx.oes.service.impl.ProfileServiceImpl [http-nio-8080-exec-10] Profile(id=3, fullName=Admin, gender=female, email=admin@gmail.com, phoneNo=123456, birthDay=2020-10-19, imageSrc=/mnt/storage/uploads/avatar3.jpg, user=com.luongtx.oes.entity.User@637eda4f)
2021-10-19 23:14:46,828 INFO com.luongtx.oes.security.filter.JwtRequestFilter [http-nio-8080-exec-7] admin
2021-10-19 23:14:46,829 INFO com.luongtx.oes.security.filter.JwtRequestFilter [http-nio-8080-exec-7] Validate the token
2021-10-19 23:14:46,960 INFO com.luongtx.oes.security.filter.JwtRequestFilter [http-nio-8080-exec-1] admin
2021-10-19 23:14:46,961 INFO com.luongtx.oes.security.filter.JwtRequestFilter [http-nio-8080-exec-1] Validate the token
2021-10-19 23:14:47,250 INFO com.luongtx.oes.security.filter.JwtRequestFilter [http-nio-8080-exec-3] admin
2021-10-19 23:14:47,251 INFO com.luongtx.oes.security.filter.JwtRequestFilter [http-nio-8080-exec-3] Validate the token
2021-10-19 23:14:47,286 INFO com.luongtx.oes.service.impl.ProfileServiceImpl [http-nio-8080-exec-3] Profile(id=3, fullName=Admin, gender=female, email=admin@gmail.com, phoneNo=123456, birthDay=2020-10-19, imageSrc=/mnt/storage/uploads/avatar3.jpg, user=com.luongtx.oes.entity.User@616c86c8)
2021-10-19 23:17:24,240 INFO com.luongtx.oes.security.filter.JwtRequestFilter [http-nio-8080-exec-4] admin
2021-10-19 23:17:24,241 INFO com.luongtx.oes.security.filter.JwtRequestFilter [http-nio-8080-exec-4] Validate the token
2021-10-19 23:19:02,328 INFO com.luongtx.oes.security.filter.JwtRequestFilter [http-nio-8080-exec-10] admin
2021-10-19 23:19:02,329 INFO com.luongtx.oes.security.filter.JwtRequestFilter [http-nio-8080-exec-10] Validate the token
2021-10-19 23:19:02,406 INFO com.luongtx.oes.security.filter.JwtRequestFilter [http-nio-8080-exec-7] admin
2021-10-19 23:19:02,407 INFO com.luongtx.oes.security.filter.JwtRequestFilter [http-nio-8080-exec-7] Validate the token
2021-10-19 23:19:11,792 INFO com.luongtx.oes.security.filter.JwtRequestFilter [http-nio-8080-exec-1] admin
2021-10-19 23:19:11,793 INFO com.luongtx.oes.security.filter.JwtRequestFilter [http-nio-8080-exec-1] Validate the token
2021-10-19 23:19:19,538 INFO com.luongtx.oes.security.filter.JwtRequestFilter [http-nio-8080-exec-2] admin
2021-10-19 23:19:19,539 INFO com.luongtx.oes.security.filter.JwtRequestFilter [http-nio-8080-exec-2] Validate the token
2021-10-19 23:19:19,595 INFO com.luongtx.oes.security.filter.JwtRequestFilter [http-nio-8080-exec-4] admin
2021-10-19 23:19:19,596 INFO com.luongtx.oes.security.filter.JwtRequestFilter [http-nio-8080-exec-4] Validate the token
2021-10-19 23:19:22,769 INFO com.luongtx.oes.security.filter.JwtRequestFilter [http-nio-8080-exec-5] admin
2021-10-19 23:19:22,770 INFO com.luongtx.oes.security.filter.JwtRequestFilter [http-nio-8080-exec-5] Validate the token
2021-10-19 23:25:47,097 INFO com.luongtx.oes.security.filter.JwtRequestFilter [http-nio-8080-exec-9] admin
2021-10-19 23:25:47,099 INFO com.luongtx.oes.security.filter.JwtRequestFilter [http-nio-8080-exec-9] Validate the token
2021-10-19 23:25:47,155 INFO com.luongtx.oes.security.filter.JwtRequestFilter [http-nio-8080-exec-1] admin
2021-10-19 23:25:47,156 INFO com.luongtx.oes.security.filter.JwtRequestFilter [http-nio-8080-exec-1] Validate the token
2021-10-19 23:26:42,928 INFO com.luongtx.oes.security.filter.JwtRequestFilter [http-nio-8080-exec-3] admin
2021-10-19 23:26:42,929 INFO com.luongtx.oes.security.filter.JwtRequestFilter [http-nio-8080-exec-3] Validate the token
2021-10-19 23:26:47,879 INFO com.luongtx.oes.security.filter.JwtRequestFilter [http-nio-8080-exec-2] admin
2021-10-19 23:26:47,879 INFO com.luongtx.oes.security.filter.JwtRequestFilter [http-nio-8080-exec-2] Validate the token
2021-10-19 23:26:47,900 INFO com.luongtx.oes.security.filter.JwtRequestFilter [http-nio-8080-exec-6] admin
2021-10-19 23:26:47,900 INFO com.luongtx.oes.security.filter.JwtRequestFilter [http-nio-8080-exec-6] Validate the token
2021-10-19 23:26:49,972 INFO com.luongtx.oes.security.filter.JwtRequestFilter [http-nio-8080-exec-4] admin
2021-10-19 23:26:49,972 INFO com.luongtx.oes.security.filter.JwtRequestFilter [http-nio-8080-exec-4] Validate the token
2021-10-19 23:30:02,988 INFO com.luongtx.oes.security.filter.JwtRequestFilter [http-nio-8080-exec-8] admin
2021-10-19 23:30:02,991 INFO com.luongtx.oes.security.filter.JwtRequestFilter [http-nio-8080-exec-8] Validate the token
2021-10-19 23:30:03,307 INFO com.luongtx.oes.security.filter.JwtRequestFilter [http-nio-8080-exec-9] admin
2021-10-19 23:30:03,308 INFO com.luongtx.oes.security.filter.JwtRequestFilter [http-nio-8080-exec-9] Validate the token
2021-10-19 23:30:03,333 INFO com.luongtx.oes.service.impl.ProfileServiceImpl [http-nio-8080-exec-9] Profile(id=3, fullName=Admin, gender=female, email=admin@gmail.com, phoneNo=123456, birthDay=2020-10-19, imageSrc=/mnt/storage/uploads/avatar3.jpg, user=com.luongtx.oes.entity.User@539d0643)
